2018-09-29 05:11:15,132 - DEBUG - __main__ - INSERT INTO scrape_sessions(session_start_datetime,session_end_datetime, scrape_result ) values("2018-09-29 05:11:15.129293","2018-09-29 05:11:15.129293", "SCRAPING IN PROGRESS")
2018-09-29 05:11:15,233 - DEBUG - __main__ - amazon
2018-09-29 05:11:15,233 - DEBUG - __main__ - 1
2018-09-29 05:11:15,240 - DEBUG - __main__ - 92
2018-09-29 05:11:15,241 - DEBUG - __main__ - +++++++++++++++++++++++++++
2018-09-29 05:11:15,241 - DEBUG - __main__ - B01K4F6SHO
2018-09-29 05:11:15,241 - DEBUG - __main__ - +++++++++++++++++++++++++++
2018-09-29 05:11:15,241 - DEBUG - __main__ - http://www.amazon.in/dp/
2018-09-29 05:11:15,243 - DEBUG - __main__ - 1
2018-09-29 05:11:15,243 - DEBUG - __main__ - 110001
2018-09-29 05:11:15,244 - DEBUG - __main__ - delhi
2018-09-29 05:11:15,245 - DEBUG - __main__ - cookies/amazon_pincodes/
2018-09-29 05:11:15,246 - DEBUG - __main__ - []
2018-09-29 05:11:15,246 - DEBUG - __main__ - ['110001.pkl', '411001.pkl', '421204.pkl', '560001.pkl', '700001.pkl']
2018-09-29 05:11:15,246 - DEBUG - __main__ - =======ddddddddddddd========= 110001 
2018-09-29 05:11:15,637 - DEBUG - __main__ - +++++++++++++++++++++++++++
2018-09-29 05:11:15,637 - DEBUG - __main__ - B01K4F45LU
2018-09-29 05:11:15,637 - DEBUG - __main__ - +++++++++++++++++++++++++++
2018-09-29 05:11:15,637 - DEBUG - __main__ - http://www.amazon.in/dp/
2018-09-29 05:11:15,637 - DEBUG - __main__ - 1
2018-09-29 05:11:15,637 - DEBUG - __main__ - 110001
2018-09-29 05:11:15,637 - DEBUG - __main__ - delhi
2018-09-29 05:11:15,638 - DEBUG - __main__ - cookies/amazon_pincodes/
2018-09-29 05:11:15,638 - DEBUG - __main__ - []
2018-09-29 05:11:15,638 - DEBUG - __main__ - ['110001.pkl', '411001.pkl', '421204.pkl', '560001.pkl', '700001.pkl']
2018-09-29 05:11:15,638 - DEBUG - __main__ - =======ddddddddddddd========= 110001 
2018-09-29 05:11:15,645 - DEBUG - __main__ - +++++++++++++++++++++++++++
2018-09-29 05:11:15,645 - DEBUG - __main__ - B01K4F4B9Q
2018-09-29 05:11:15,645 - DEBUG - __main__ - +++++++++++++++++++++++++++
2018-09-29 05:11:15,645 - DEBUG - __main__ - http://www.amazon.in/dp/
2018-09-29 05:11:15,646 - DEBUG - __main__ - 1
2018-09-29 05:11:15,646 - DEBUG - __main__ - 110001
2018-09-29 05:11:15,646 - DEBUG - __main__ - delhi
2018-09-29 05:11:15,646 - DEBUG - __main__ - cookies/amazon_pincodes/
2018-09-29 05:11:15,646 - DEBUG - __main__ - []
2018-09-29 05:11:15,646 - DEBUG - __main__ - ['110001.pkl', '411001.pkl', '421204.pkl', '560001.pkl', '700001.pkl']
2018-09-29 05:11:15,646 - DEBUG - __main__ - =======ddddddddddddd========= 110001 
2018-09-29 05:11:15,653 - DEBUG - __main__ - +++++++++++++++++++++++++++
2018-09-29 05:11:15,653 - DEBUG - __main__ - B01K4F55BE
2018-09-29 05:11:15,654 - DEBUG - __main__ - +++++++++++++++++++++++++++
2018-09-29 05:11:15,654 - DEBUG - __main__ - http://www.amazon.in/dp/
2018-09-29 05:11:15,654 - DEBUG - __main__ - 1
2018-09-29 05:11:15,654 - DEBUG - __main__ - 110001
2018-09-29 05:11:15,654 - DEBUG - __main__ - delhi
2018-09-29 05:11:15,655 - DEBUG - __main__ - cookies/amazon_pincodes/
2018-09-29 05:11:15,655 - DEBUG - __main__ - []
2018-09-29 05:11:15,655 - DEBUG - __main__ - ['110001.pkl', '411001.pkl', '421204.pkl', '560001.pkl', '700001.pkl']
2018-09-29 05:11:15,655 - DEBUG - __main__ - =======ddddddddddddd========= 110001 
2018-09-29 05:11:15,663 - DEBUG - __main__ - +++++++++++++++++++++++++++
2018-09-29 05:11:15,663 - DEBUG - __main__ - B01N0L50QX
2018-09-29 05:11:15,663 - DEBUG - __main__ - +++++++++++++++++++++++++++
2018-09-29 05:11:15,663 - DEBUG - __main__ - http://www.amazon.in/dp/
2018-09-29 05:11:15,664 - DEBUG - __main__ - 1
2018-09-29 05:11:15,664 - DEBUG - __main__ - 110001
2018-09-29 05:11:15,664 - DEBUG - __main__ - delhi
2018-09-29 05:11:15,664 - DEBUG - __main__ - cookies/amazon_pincodes/
2018-09-29 05:11:15,664 - DEBUG - __main__ - []
2018-09-29 05:11:15,664 - DEBUG - __main__ - ['110001.pkl', '411001.pkl', '421204.pkl', '560001.pkl', '700001.pkl']
2018-09-29 05:11:15,664 - DEBUG - __main__ - =======ddddddddddddd========= 110001 
2018-09-29 05:11:15,672 - DEBUG - __main__ - +++++++++++++++++++++++++++
2018-09-29 05:11:15,672 - DEBUG - __main__ - B01N4893Q0
2018-09-29 05:11:15,672 - DEBUG - __main__ - +++++++++++++++++++++++++++
2018-09-29 05:11:15,672 - DEBUG - __main__ - http://www.amazon.in/dp/
2018-09-29 05:11:15,672 - DEBUG - __main__ - 1
2018-09-29 05:11:15,672 - DEBUG - __main__ - 110001
2018-09-29 05:11:15,672 - DEBUG - __main__ - delhi
2018-09-29 05:11:15,673 - DEBUG - __main__ - cookies/amazon_pincodes/
2018-09-29 05:11:15,673 - DEBUG - __main__ - []
2018-09-29 05:11:15,674 - DEBUG - __main__ - ['110001.pkl', '411001.pkl', '421204.pkl', '560001.pkl', '700001.pkl']
2018-09-29 05:11:15,674 - DEBUG - __main__ - =======ddddddddddddd========= 110001 
2018-09-29 05:11:15,681 - DEBUG - __main__ - +++++++++++++++++++++++++++
2018-09-29 05:11:15,681 - DEBUG - __main__ - B07DLGX4KK
2018-09-29 05:11:15,682 - DEBUG - __main__ - +++++++++++++++++++++++++++
2018-09-29 05:11:15,682 - DEBUG - __main__ - http://www.amazon.in/dp/
2018-09-29 05:11:15,682 - DEBUG - __main__ - 1
2018-09-29 05:11:15,682 - DEBUG - __main__ - 110001
2018-09-29 05:11:15,682 - DEBUG - __main__ - delhi
2018-09-29 05:11:15,683 - DEBUG - __main__ - cookies/amazon_pincodes/
2018-09-29 05:11:15,683 - DEBUG - __main__ - []
2018-09-29 05:11:15,683 - DEBUG - __main__ - ['110001.pkl', '411001.pkl', '421204.pkl', '560001.pkl', '700001.pkl']
2018-09-29 05:11:15,683 - DEBUG - __main__ - =======ddddddddddddd========= 110001 
2018-09-29 05:11:15,691 - DEBUG - __main__ - +++++++++++++++++++++++++++
2018-09-29 05:11:15,691 - DEBUG - __main__ - B01MSTFSXA
2018-09-29 05:11:15,692 - DEBUG - __main__ - +++++++++++++++++++++++++++
2018-09-29 05:11:15,692 - DEBUG - __main__ - http://www.amazon.in/dp/
2018-09-29 05:11:15,692 - DEBUG - __main__ - 1
2018-09-29 05:11:15,692 - DEBUG - __main__ - 110001
2018-09-29 05:11:15,692 - DEBUG - __main__ - delhi
2018-09-29 05:11:15,693 - DEBUG - __main__ - cookies/amazon_pincodes/
2018-09-29 05:11:15,693 - DEBUG - __main__ - []
2018-09-29 05:11:15,693 - DEBUG - __main__ - ['110001.pkl', '411001.pkl', '421204.pkl', '560001.pkl', '700001.pkl']
2018-09-29 05:11:15,693 - DEBUG - __main__ - =======ddddddddddddd========= 110001 
2018-09-29 05:11:15,702 - DEBUG - __main__ - +++++++++++++++++++++++++++
2018-09-29 05:11:15,702 - DEBUG - __main__ - B01K4F6N2E
2018-09-29 05:11:15,702 - DEBUG - __main__ - +++++++++++++++++++++++++++
2018-09-29 05:11:15,703 - DEBUG - __main__ - http://www.amazon.in/dp/
2018-09-29 05:11:15,703 - DEBUG - __main__ - 1
2018-09-29 05:11:15,703 - DEBUG - __main__ - 110001
2018-09-29 05:11:15,703 - DEBUG - __main__ - delhi
2018-09-29 05:11:15,703 - DEBUG - __main__ - cookies/amazon_pincodes/
2018-09-29 05:11:15,704 - DEBUG - __main__ - []
2018-09-29 05:11:15,704 - DEBUG - __main__ - ['110001.pkl', '411001.pkl', '421204.pkl', '560001.pkl', '700001.pkl']
2018-09-29 05:11:15,704 - DEBUG - __main__ - =======ddddddddddddd========= 110001 
2018-09-29 05:11:15,713 - DEBUG - __main__ - +++++++++++++++++++++++++++
2018-09-29 05:11:15,713 - DEBUG - __main__ - B01K4F5KWS
2018-09-29 05:11:15,713 - DEBUG - __main__ - +++++++++++++++++++++++++++
2018-09-29 05:11:15,713 - DEBUG - __main__ - http://www.amazon.in/dp/
2018-09-29 05:11:15,713 - DEBUG - __main__ - 1
2018-09-29 05:11:15,713 - DEBUG - __main__ - 110001
2018-09-29 05:11:15,714 - DEBUG - __main__ - delhi
2018-09-29 05:11:15,714 - DEBUG - __main__ - cookies/amazon_pincodes/
2018-09-29 05:11:15,714 - DEBUG - __main__ - []
2018-09-29 05:11:15,714 - DEBUG - __main__ - ['110001.pkl', '411001.pkl', '421204.pkl', '560001.pkl', '700001.pkl']
2018-09-29 05:11:15,714 - DEBUG - __main__ - =======ddddddddddddd========= 110001 
2018-09-29 05:11:15,722 - DEBUG - __main__ - +++++++++++++++++++++++++++
2018-09-29 05:11:15,722 - DEBUG - __main__ - B01K4F5KWS
2018-09-29 05:11:15,722 - DEBUG - __main__ - +++++++++++++++++++++++++++
2018-09-29 05:11:15,722 - DEBUG - __main__ - http://www.amazon.in/dp/
2018-09-29 05:11:15,723 - DEBUG - __main__ - 1
2018-09-29 05:11:15,723 - DEBUG - __main__ - 110001
2018-09-29 05:11:15,723 - DEBUG - __main__ - delhi
2018-09-29 05:11:15,724 - DEBUG - __main__ - cookies/amazon_pincodes/
2018-09-29 05:11:15,724 - DEBUG - __main__ - []
2018-09-29 05:11:15,725 - DEBUG - __main__ - ['110001.pkl', '411001.pkl', '421204.pkl', '560001.pkl', '700001.pkl']
2018-09-29 05:11:15,725 - DEBUG - __main__ - =======ddddddddddddd========= 110001 
2018-09-29 05:11:15,733 - DEBUG - __main__ - +++++++++++++++++++++++++++
2018-09-29 05:11:15,733 - DEBUG - __main__ - B01MTUXLEQ
2018-09-29 05:11:15,733 - DEBUG - __main__ - +++++++++++++++++++++++++++
2018-09-29 05:11:15,733 - DEBUG - __main__ - http://www.amazon.in/dp/
2018-09-29 05:11:15,733 - DEBUG - __main__ - 1
2018-09-29 05:11:15,733 - DEBUG - __main__ - 110001
2018-09-29 05:11:15,734 - DEBUG - __main__ - delhi
2018-09-29 05:11:15,734 - DEBUG - __main__ - cookies/amazon_pincodes/
2018-09-29 05:11:15,734 - DEBUG - __main__ - []
2018-09-29 05:11:15,734 - DEBUG - __main__ - ['110001.pkl', '411001.pkl', '421204.pkl', '560001.pkl', '700001.pkl']
2018-09-29 05:11:15,734 - DEBUG - __main__ - =======ddddddddddddd========= 110001 
2018-09-29 05:11:15,742 - DEBUG - __main__ - +++++++++++++++++++++++++++
2018-09-29 05:11:15,742 - DEBUG - __main__ - B07DLBXGF1
2018-09-29 05:11:15,743 - DEBUG - __main__ - +++++++++++++++++++++++++++
2018-09-29 05:11:15,743 - DEBUG - __main__ - http://www.amazon.in/dp/
2018-09-29 05:11:15,743 - DEBUG - __main__ - 1
2018-09-29 05:11:15,743 - DEBUG - __main__ - 110001
2018-09-29 05:11:15,743 - DEBUG - __main__ - delhi
2018-09-29 05:11:15,744 - DEBUG - __main__ - cookies/amazon_pincodes/
2018-09-29 05:11:15,744 - DEBUG - __main__ - []
2018-09-29 05:11:15,744 - DEBUG - __main__ - ['110001.pkl', '411001.pkl', '421204.pkl', '560001.pkl', '700001.pkl']
2018-09-29 05:11:15,744 - DEBUG - __main__ - =======ddddddddddddd========= 110001 
2018-09-29 05:11:15,755 - DEBUG - __main__ - +++++++++++++++++++++++++++
2018-09-29 05:11:15,755 - DEBUG - __main__ - B01K4F6SHO
2018-09-29 05:11:15,756 - DEBUG - __main__ - +++++++++++++++++++++++++++
2018-09-29 05:11:15,756 - DEBUG - __main__ - http://www.amazon.in/dp/
2018-09-29 05:11:15,756 - DEBUG - __main__ - 1
2018-09-29 05:11:15,756 - DEBUG - __main__ - 110001
2018-09-29 05:11:15,757 - DEBUG - __main__ - delhi
2018-09-29 05:11:15,758 - DEBUG - __main__ - cookies/amazon_pincodes/
2018-09-29 05:11:15,758 - DEBUG - __main__ - []
2018-09-29 05:11:15,758 - DEBUG - __main__ - ['110001.pkl', '411001.pkl', '421204.pkl', '560001.pkl', '700001.pkl']
2018-09-29 05:11:15,758 - DEBUG - __main__ - =======ddddddddddddd========= 110001 
2018-09-29 05:11:15,773 - DEBUG - __main__ - +++++++++++++++++++++++++++
2018-09-29 05:11:15,773 - DEBUG - __main__ - B01K4F4QG4
2018-09-29 05:11:15,773 - DEBUG - __main__ - +++++++++++++++++++++++++++
2018-09-29 05:11:15,773 - DEBUG - __main__ - http://www.amazon.in/dp/
2018-09-29 05:11:15,774 - DEBUG - __main__ - 1
2018-09-29 05:11:15,774 - DEBUG - __main__ - 110001
2018-09-29 05:11:15,774 - DEBUG - __main__ - delhi
2018-09-29 05:11:15,774 - DEBUG - __main__ - cookies/amazon_pincodes/
2018-09-29 05:11:15,774 - DEBUG - __main__ - []
2018-09-29 05:11:15,776 - DEBUG - __main__ - ['110001.pkl', '411001.pkl', '421204.pkl', '560001.pkl', '700001.pkl']
2018-09-29 05:11:15,776 - DEBUG - __main__ - =======ddddddddddddd========= 110001 
2018-09-29 05:11:15,785 - DEBUG - __main__ - +++++++++++++++++++++++++++
2018-09-29 05:11:15,785 - DEBUG - __main__ - B01K4F4VXC
2018-09-29 05:11:15,785 - DEBUG - __main__ - +++++++++++++++++++++++++++
2018-09-29 05:11:15,785 - DEBUG - __main__ - http://www.amazon.in/dp/
2018-09-29 05:11:15,786 - DEBUG - __main__ - 1
2018-09-29 05:11:15,786 - DEBUG - __main__ - 110001
2018-09-29 05:11:15,786 - DEBUG - __main__ - delhi
2018-09-29 05:11:15,786 - DEBUG - __main__ - cookies/amazon_pincodes/
2018-09-29 05:11:15,786 - DEBUG - __main__ - []
2018-09-29 05:11:15,787 - DEBUG - __main__ - ['110001.pkl', '411001.pkl', '421204.pkl', '560001.pkl', '700001.pkl']
2018-09-29 05:11:15,787 - DEBUG - __main__ - =======ddddddddddddd========= 110001 
2018-09-29 05:11:15,796 - DEBUG - __main__ - +++++++++++++++++++++++++++
2018-09-29 05:11:15,796 - DEBUG - __main__ - B01K4F4VXC
2018-09-29 05:11:15,796 - DEBUG - __main__ - +++++++++++++++++++++++++++
2018-09-29 05:11:15,797 - DEBUG - __main__ - http://www.amazon.in/dp/
2018-09-29 05:11:15,797 - DEBUG - __main__ - 1
2018-09-29 05:11:15,797 - DEBUG - __main__ - 110001
2018-09-29 05:11:15,797 - DEBUG - __main__ - delhi
2018-09-29 05:11:15,798 - DEBUG - __main__ - cookies/amazon_pincodes/
2018-09-29 05:11:15,798 - DEBUG - __main__ - []
2018-09-29 05:11:15,798 - DEBUG - __main__ - ['110001.pkl', '411001.pkl', '421204.pkl', '560001.pkl', '700001.pkl']
2018-09-29 05:11:15,798 - DEBUG - __main__ - =======ddddddddddddd========= 110001 
2018-09-29 05:11:15,807 - DEBUG - __main__ - +++++++++++++++++++++++++++
2018-09-29 05:11:15,807 - DEBUG - __main__ - B01MQQDL4A
2018-09-29 05:11:15,807 - DEBUG - __main__ - +++++++++++++++++++++++++++
2018-09-29 05:11:15,807 - DEBUG - __main__ - http://www.amazon.in/dp/
2018-09-29 05:11:15,807 - DEBUG - __main__ - 1
2018-09-29 05:11:15,807 - DEBUG - __main__ - 110001
2018-09-29 05:11:15,807 - DEBUG - __main__ - delhi
2018-09-29 05:11:15,808 - DEBUG - __main__ - cookies/amazon_pincodes/
2018-09-29 05:11:15,808 - DEBUG - __main__ - []
2018-09-29 05:11:15,808 - DEBUG - __main__ - ['110001.pkl', '411001.pkl', '421204.pkl', '560001.pkl', '700001.pkl']
2018-09-29 05:11:15,808 - DEBUG - __main__ - =======ddddddddddddd========= 110001 
2018-09-29 05:11:15,817 - DEBUG - __main__ - +++++++++++++++++++++++++++
2018-09-29 05:11:15,817 - DEBUG - __main__ - B01K4F72RY
2018-09-29 05:11:15,818 - DEBUG - __main__ - +++++++++++++++++++++++++++
2018-09-29 05:11:15,818 - DEBUG - __main__ - http://www.amazon.in/dp/
2018-09-29 05:11:15,818 - DEBUG - __main__ - 1
2018-09-29 05:11:15,818 - DEBUG - __main__ - 110001
2018-09-29 05:11:15,818 - DEBUG - __main__ - delhi
2018-09-29 05:11:15,819 - DEBUG - __main__ - cookies/amazon_pincodes/
2018-09-29 05:11:15,819 - DEBUG - __main__ - []
2018-09-29 05:11:15,819 - DEBUG - __main__ - ['110001.pkl', '411001.pkl', '421204.pkl', '560001.pkl', '700001.pkl']
2018-09-29 05:11:15,819 - DEBUG - __main__ - =======ddddddddddddd========= 110001 
2018-09-29 05:11:15,827 - DEBUG - __main__ - +++++++++++++++++++++++++++
2018-09-29 05:11:15,828 - DEBUG - __main__ - B01K4F7IWS
2018-09-29 05:11:15,828 - DEBUG - __main__ - +++++++++++++++++++++++++++
2018-09-29 05:11:15,828 - DEBUG - __main__ - http://www.amazon.in/dp/
2018-09-29 05:11:15,828 - DEBUG - __main__ - 1
2018-09-29 05:11:15,829 - DEBUG - __main__ - 110001
2018-09-29 05:11:15,829 - DEBUG - __main__ - delhi
2018-09-29 05:11:15,829 - DEBUG - __main__ - cookies/amazon_pincodes/
2018-09-29 05:11:15,829 - DEBUG - __main__ - []
2018-09-29 05:11:15,829 - DEBUG - __main__ - ['110001.pkl', '411001.pkl', '421204.pkl', '560001.pkl', '700001.pkl']
2018-09-29 05:11:15,829 - DEBUG - __main__ - =======ddddddddddddd========= 110001 
2018-09-29 05:11:15,839 - DEBUG - __main__ - +++++++++++++++++++++++++++
2018-09-29 05:11:15,839 - DEBUG - __main__ - B01K4F78NC
2018-09-29 05:11:15,839 - DEBUG - __main__ - +++++++++++++++++++++++++++
2018-09-29 05:11:15,839 - DEBUG - __main__ - http://www.amazon.in/dp/
2018-09-29 05:11:15,840 - DEBUG - __main__ - 1
2018-09-29 05:11:15,840 - DEBUG - __main__ - 110001
2018-09-29 05:11:15,841 - DEBUG - __main__ - delhi
2018-09-29 05:11:15,841 - DEBUG - __main__ - cookies/amazon_pincodes/
2018-09-29 05:11:15,841 - DEBUG - __main__ - []
2018-09-29 05:11:15,841 - DEBUG - __main__ - ['110001.pkl', '411001.pkl', '421204.pkl', '560001.pkl', '700001.pkl']
2018-09-29 05:11:15,841 - DEBUG - __main__ - =======ddddddddddddd========= 110001 
2018-09-29 05:11:15,859 - DEBUG - __main__ - +++++++++++++++++++++++++++
2018-09-29 05:11:15,859 - DEBUG - __main__ - B01K4F7DMS
2018-09-29 05:11:15,859 - DEBUG - __main__ - +++++++++++++++++++++++++++
2018-09-29 05:11:15,859 - DEBUG - __main__ - http://www.amazon.in/dp/
2018-09-29 05:11:15,860 - DEBUG - __main__ - 1
2018-09-29 05:11:15,860 - DEBUG - __main__ - 110001
2018-09-29 05:11:15,860 - DEBUG - __main__ - delhi
2018-09-29 05:11:15,860 - DEBUG - __main__ - cookies/amazon_pincodes/
2018-09-29 05:11:15,860 - DEBUG - __main__ - []
2018-09-29 05:11:15,860 - DEBUG - __main__ - ['110001.pkl', '411001.pkl', '421204.pkl', '560001.pkl', '700001.pkl']
2018-09-29 05:11:15,860 - DEBUG - __main__ - =======ddddddddddddd========= 110001 
2018-09-29 05:11:15,870 - DEBUG - __main__ - +++++++++++++++++++++++++++
2018-09-29 05:11:15,870 - DEBUG - __main__ - B01K4F59E2
2018-09-29 05:11:15,870 - DEBUG - __main__ - +++++++++++++++++++++++++++
2018-09-29 05:11:15,870 - DEBUG - __main__ - http://www.amazon.in/dp/
2018-09-29 05:11:15,870 - DEBUG - __main__ - 1
2018-09-29 05:11:15,871 - DEBUG - __main__ - 110001
2018-09-29 05:11:15,871 - DEBUG - __main__ - delhi
2018-09-29 05:11:15,871 - DEBUG - __main__ - cookies/amazon_pincodes/
2018-09-29 05:11:15,871 - DEBUG - __main__ - []
2018-09-29 05:11:15,871 - DEBUG - __main__ - ['110001.pkl', '411001.pkl', '421204.pkl', '560001.pkl', '700001.pkl']
2018-09-29 05:11:15,871 - DEBUG - __main__ - =======ddddddddddddd========= 110001 
2018-09-29 05:11:15,881 - DEBUG - __main__ - +++++++++++++++++++++++++++
2018-09-29 05:11:15,881 - DEBUG - __main__ - B01MXSK7QM
2018-09-29 05:11:15,881 - DEBUG - __main__ - +++++++++++++++++++++++++++
2018-09-29 05:11:15,881 - DEBUG - __main__ - http://www.amazon.in/dp/
2018-09-29 05:11:15,881 - DEBUG - __main__ - 1
2018-09-29 05:11:15,882 - DEBUG - __main__ - 110001
2018-09-29 05:11:15,883 - DEBUG - __main__ - delhi
2018-09-29 05:11:15,883 - DEBUG - __main__ - cookies/amazon_pincodes/
2018-09-29 05:11:15,883 - DEBUG - __main__ - []
2018-09-29 05:11:15,883 - DEBUG - __main__ - ['110001.pkl', '411001.pkl', '421204.pkl', '560001.pkl', '700001.pkl']
2018-09-29 05:11:15,883 - DEBUG - __main__ - =======ddddddddddddd========= 110001 
2018-09-29 05:11:15,893 - DEBUG - __main__ - +++++++++++++++++++++++++++
2018-09-29 05:11:15,893 - DEBUG - __main__ - B01HBFXGO8
2018-09-29 05:11:15,893 - DEBUG - __main__ - +++++++++++++++++++++++++++
2018-09-29 05:11:15,893 - DEBUG - __main__ - http://www.amazon.in/dp/
2018-09-29 05:11:15,893 - DEBUG - __main__ - 1
2018-09-29 05:11:15,894 - DEBUG - __main__ - 110001
2018-09-29 05:11:15,894 - DEBUG - __main__ - delhi
2018-09-29 05:11:15,894 - DEBUG - __main__ - cookies/amazon_pincodes/
2018-09-29 05:11:15,894 - DEBUG - __main__ - []
2018-09-29 05:11:15,894 - DEBUG - __main__ - ['110001.pkl', '411001.pkl', '421204.pkl', '560001.pkl', '700001.pkl']
2018-09-29 05:11:15,894 - DEBUG - __main__ - =======ddddddddddddd========= 110001 
2018-09-29 05:11:15,904 - DEBUG - __main__ - +++++++++++++++++++++++++++
2018-09-29 05:11:15,904 - DEBUG - __main__ - B01K4F40JW
2018-09-29 05:11:15,904 - DEBUG - __main__ - +++++++++++++++++++++++++++
2018-09-29 05:11:15,904 - DEBUG - __main__ - http://www.amazon.in/dp/
2018-09-29 05:11:15,905 - DEBUG - __main__ - 1
2018-09-29 05:11:15,905 - DEBUG - __main__ - 110001
2018-09-29 05:11:15,905 - DEBUG - __main__ - delhi
2018-09-29 05:11:15,905 - DEBUG - __main__ - cookies/amazon_pincodes/
2018-09-29 05:11:15,905 - DEBUG - __main__ - []
2018-09-29 05:11:15,905 - DEBUG - __main__ - ['110001.pkl', '411001.pkl', '421204.pkl', '560001.pkl', '700001.pkl']
2018-09-29 05:11:15,905 - DEBUG - __main__ - =======ddddddddddddd========= 110001 
2018-09-29 05:11:15,921 - DEBUG - __main__ - +++++++++++++++++++++++++++
2018-09-29 05:11:15,921 - DEBUG - __main__ - B01K4F4G4Q
2018-09-29 05:11:15,922 - DEBUG - __main__ - +++++++++++++++++++++++++++
2018-09-29 05:11:15,922 - DEBUG - __main__ - http://www.amazon.in/dp/
2018-09-29 05:11:15,923 - DEBUG - __main__ - 1
2018-09-29 05:11:15,923 - DEBUG - __main__ - 110001
2018-09-29 05:11:15,923 - DEBUG - __main__ - delhi
2018-09-29 05:11:15,923 - DEBUG - __main__ - cookies/amazon_pincodes/
2018-09-29 05:11:15,924 - DEBUG - __main__ - []
2018-09-29 05:11:15,924 - DEBUG - __main__ - ['110001.pkl', '411001.pkl', '421204.pkl', '560001.pkl', '700001.pkl']
2018-09-29 05:11:15,924 - DEBUG - __main__ - =======ddddddddddddd========= 110001 
2018-09-29 05:11:15,934 - DEBUG - __main__ - +++++++++++++++++++++++++++
2018-09-29 05:11:15,934 - DEBUG - __main__ - B01K4F4L96
2018-09-29 05:11:15,934 - DEBUG - __main__ - +++++++++++++++++++++++++++
2018-09-29 05:11:15,934 - DEBUG - __main__ - http://www.amazon.in/dp/
2018-09-29 05:11:15,934 - DEBUG - __main__ - 1
2018-09-29 05:11:15,934 - DEBUG - __main__ - 110001
2018-09-29 05:11:15,936 - DEBUG - __main__ - delhi
2018-09-29 05:11:15,936 - DEBUG - __main__ - cookies/amazon_pincodes/
2018-09-29 05:11:15,936 - DEBUG - __main__ - []
2018-09-29 05:11:15,936 - DEBUG - __main__ - ['110001.pkl', '411001.pkl', '421204.pkl', '560001.pkl', '700001.pkl']
2018-09-29 05:11:15,936 - DEBUG - __main__ - =======ddddddddddddd========= 110001 
2018-09-29 05:11:15,946 - DEBUG - __main__ - +++++++++++++++++++++++++++
2018-09-29 05:11:15,946 - DEBUG - __main__ - B01K4F4G4Q
2018-09-29 05:11:15,946 - DEBUG - __main__ - +++++++++++++++++++++++++++
2018-09-29 05:11:15,946 - DEBUG - __main__ - http://www.amazon.in/dp/
2018-09-29 05:11:15,947 - DEBUG - __main__ - 1
2018-09-29 05:11:15,947 - DEBUG - __main__ - 110001
2018-09-29 05:11:15,947 - DEBUG - __main__ - delhi
2018-09-29 05:11:15,947 - DEBUG - __main__ - cookies/amazon_pincodes/
2018-09-29 05:11:15,948 - DEBUG - __main__ - []
2018-09-29 05:11:15,948 - DEBUG - __main__ - ['110001.pkl', '411001.pkl', '421204.pkl', '560001.pkl', '700001.pkl']
2018-09-29 05:11:15,948 - DEBUG - __main__ - =======ddddddddddddd========= 110001 
2018-09-29 05:11:15,958 - DEBUG - __main__ - +++++++++++++++++++++++++++
2018-09-29 05:11:15,958 - DEBUG - __main__ - B01K4F50P0
2018-09-29 05:11:15,959 - DEBUG - __main__ - +++++++++++++++++++++++++++
2018-09-29 05:11:15,959 - DEBUG - __main__ - http://www.amazon.in/dp/
2018-09-29 05:11:15,959 - DEBUG - __main__ - 1
2018-09-29 05:11:15,959 - DEBUG - __main__ - 110001
2018-09-29 05:11:15,960 - DEBUG - __main__ - delhi
2018-09-29 05:11:15,960 - DEBUG - __main__ - cookies/amazon_pincodes/
2018-09-29 05:11:15,960 - DEBUG - __main__ - []
2018-09-29 05:11:15,960 - DEBUG - __main__ - ['110001.pkl', '411001.pkl', '421204.pkl', '560001.pkl', '700001.pkl']
2018-09-29 05:11:15,960 - DEBUG - __main__ - =======ddddddddddddd========= 110001 
2018-09-29 05:11:15,969 - DEBUG - __main__ - +++++++++++++++++++++++++++
2018-09-29 05:11:15,969 - DEBUG - __main__ - B01MQQDJ2K
2018-09-29 05:11:15,969 - DEBUG - __main__ - +++++++++++++++++++++++++++
2018-09-29 05:11:15,970 - DEBUG - __main__ - http://www.amazon.in/dp/
2018-09-29 05:11:15,970 - DEBUG - __main__ - 1
2018-09-29 05:11:15,971 - DEBUG - __main__ - 110001
2018-09-29 05:11:15,971 - DEBUG - __main__ - delhi
2018-09-29 05:11:15,972 - DEBUG - __main__ - cookies/amazon_pincodes/
2018-09-29 05:11:15,972 - DEBUG - __main__ - []
2018-09-29 05:11:15,972 - DEBUG - __main__ - ['110001.pkl', '411001.pkl', '421204.pkl', '560001.pkl', '700001.pkl']
2018-09-29 05:11:15,972 - DEBUG - __main__ - =======ddddddddddddd========= 110001 
2018-09-29 05:11:15,987 - DEBUG - __main__ - +++++++++++++++++++++++++++
2018-09-29 05:11:15,988 - DEBUG - __main__ - B01K4F3S72
2018-09-29 05:11:15,988 - DEBUG - __main__ - +++++++++++++++++++++++++++
2018-09-29 05:11:15,988 - DEBUG - __main__ - http://www.amazon.in/dp/
2018-09-29 05:11:15,989 - DEBUG - __main__ - 1
2018-09-29 05:11:15,990 - DEBUG - __main__ - 110001
2018-09-29 05:11:15,990 - DEBUG - __main__ - delhi
2018-09-29 05:11:15,990 - DEBUG - __main__ - cookies/amazon_pincodes/
2018-09-29 05:11:15,990 - DEBUG - __main__ - []
2018-09-29 05:11:15,991 - DEBUG - __main__ - ['110001.pkl', '411001.pkl', '421204.pkl', '560001.pkl', '700001.pkl']
2018-09-29 05:11:15,991 - DEBUG - __main__ - =======ddddddddddddd========= 110001 
2018-09-29 05:11:16,001 - DEBUG - __main__ - +++++++++++++++++++++++++++
2018-09-29 05:11:16,001 - DEBUG - __main__ - B01K4F3W00
2018-09-29 05:11:16,001 - DEBUG - __main__ - +++++++++++++++++++++++++++
2018-09-29 05:11:16,001 - DEBUG - __main__ - http://www.amazon.in/dp/
2018-09-29 05:11:16,001 - DEBUG - __main__ - 1
2018-09-29 05:11:16,002 - DEBUG - __main__ - 110001
2018-09-29 05:11:16,003 - DEBUG - __main__ - delhi
2018-09-29 05:11:16,003 - DEBUG - __main__ - cookies/amazon_pincodes/
2018-09-29 05:11:16,003 - DEBUG - __main__ - []
2018-09-29 05:11:16,003 - DEBUG - __main__ - ['110001.pkl', '411001.pkl', '421204.pkl', '560001.pkl', '700001.pkl']
2018-09-29 05:11:16,003 - DEBUG - __main__ - =======ddddddddddddd========= 110001 
2018-09-29 05:11:16,013 - DEBUG - __main__ - +++++++++++++++++++++++++++
2018-09-29 05:11:16,013 - DEBUG - __main__ - B01K4F3W00
2018-09-29 05:11:16,014 - DEBUG - __main__ - +++++++++++++++++++++++++++
2018-09-29 05:11:16,014 - DEBUG - __main__ - http://www.amazon.in/dp/
2018-09-29 05:11:16,014 - DEBUG - __main__ - 1
2018-09-29 05:11:16,014 - DEBUG - __main__ - 110001
2018-09-29 05:11:16,014 - DEBUG - __main__ - delhi
2018-09-29 05:11:16,015 - DEBUG - __main__ - cookies/amazon_pincodes/
2018-09-29 05:11:16,015 - DEBUG - __main__ - []
2018-09-29 05:11:16,015 - DEBUG - __main__ - ['110001.pkl', '411001.pkl', '421204.pkl', '560001.pkl', '700001.pkl']
2018-09-29 05:11:16,015 - DEBUG - __main__ - =======ddddddddddddd========= 110001 
2018-09-29 05:11:16,026 - DEBUG - __main__ - +++++++++++++++++++++++++++
2018-09-29 05:11:16,026 - DEBUG - __main__ - B01K4F3NPE
2018-09-29 05:11:16,026 - DEBUG - __main__ - +++++++++++++++++++++++++++
2018-09-29 05:11:16,027 - DEBUG - __main__ - http://www.amazon.in/dp/
2018-09-29 05:11:16,027 - DEBUG - __main__ - 1
2018-09-29 05:11:16,027 - DEBUG - __main__ - 110001
2018-09-29 05:11:16,027 - DEBUG - __main__ - delhi
2018-09-29 05:11:16,028 - DEBUG - __main__ - cookies/amazon_pincodes/
2018-09-29 05:11:16,028 - DEBUG - __main__ - []
2018-09-29 05:11:16,028 - DEBUG - __main__ - ['110001.pkl', '411001.pkl', '421204.pkl', '560001.pkl', '700001.pkl']
2018-09-29 05:11:16,028 - DEBUG - __main__ - =======ddddddddddddd========= 110001 
2018-09-29 05:11:16,042 - DEBUG - __main__ - +++++++++++++++++++++++++++
2018-09-29 05:11:16,042 - DEBUG - __main__ - B01K4F3NPE
2018-09-29 05:11:16,042 - DEBUG - __main__ - +++++++++++++++++++++++++++
2018-09-29 05:11:16,042 - DEBUG - __main__ - http://www.amazon.in/dp/
2018-09-29 05:11:16,043 - DEBUG - __main__ - 1
2018-09-29 05:11:16,043 - DEBUG - __main__ - 110001
2018-09-29 05:11:16,043 - DEBUG - __main__ - delhi
2018-09-29 05:11:16,043 - DEBUG - __main__ - cookies/amazon_pincodes/
2018-09-29 05:11:16,043 - DEBUG - __main__ - []
2018-09-29 05:11:16,043 - DEBUG - __main__ - ['110001.pkl', '411001.pkl', '421204.pkl', '560001.pkl', '700001.pkl']
2018-09-29 05:11:16,044 - DEBUG - __main__ - =======ddddddddddddd========= 110001 
2018-09-29 05:11:16,069 - DEBUG - __main__ - +++++++++++++++++++++++++++
2018-09-29 05:11:16,069 - DEBUG - __main__ - B01HBFVM94
2018-09-29 05:11:16,069 - DEBUG - __main__ - +++++++++++++++++++++++++++
2018-09-29 05:11:16,069 - DEBUG - __main__ - http://www.amazon.in/dp/
2018-09-29 05:11:16,069 - DEBUG - __main__ - 1
2018-09-29 05:11:16,070 - DEBUG - __main__ - 110001
2018-09-29 05:11:16,070 - DEBUG - __main__ - delhi
2018-09-29 05:11:16,070 - DEBUG - __main__ - cookies/amazon_pincodes/
2018-09-29 05:11:16,070 - DEBUG - __main__ - []
2018-09-29 05:11:16,070 - DEBUG - __main__ - ['110001.pkl', '411001.pkl', '421204.pkl', '560001.pkl', '700001.pkl']
2018-09-29 05:11:16,070 - DEBUG - __main__ - =======ddddddddddddd========= 110001 
2018-09-29 05:11:16,082 - DEBUG - __main__ - +++++++++++++++++++++++++++
2018-09-29 05:11:16,082 - DEBUG - __main__ - B07BGC43KD
2018-09-29 05:11:16,082 - DEBUG - __main__ - +++++++++++++++++++++++++++
2018-09-29 05:11:16,082 - DEBUG - __main__ - http://www.amazon.in/dp/
2018-09-29 05:11:16,082 - DEBUG - __main__ - 1
2018-09-29 05:11:16,083 - DEBUG - __main__ - 110001
2018-09-29 05:11:16,084 - DEBUG - __main__ - delhi
2018-09-29 05:11:16,084 - DEBUG - __main__ - cookies/amazon_pincodes/
2018-09-29 05:11:16,084 - DEBUG - __main__ - []
2018-09-29 05:11:16,084 - DEBUG - __main__ - ['110001.pkl', '411001.pkl', '421204.pkl', '560001.pkl', '700001.pkl']
2018-09-29 05:11:16,084 - DEBUG - __main__ - =======ddddddddddddd========= 110001 
2018-09-29 05:11:16,095 - DEBUG - __main__ - +++++++++++++++++++++++++++
2018-09-29 05:11:16,096 - DEBUG - __main__ - B07BGC5C1Z
2018-09-29 05:11:16,096 - DEBUG - __main__ - +++++++++++++++++++++++++++
2018-09-29 05:11:16,096 - DEBUG - __main__ - http://www.amazon.in/dp/
2018-09-29 05:11:16,096 - DEBUG - __main__ - 1
2018-09-29 05:11:16,097 - DEBUG - __main__ - 110001
2018-09-29 05:11:16,097 - DEBUG - __main__ - delhi
2018-09-29 05:11:16,097 - DEBUG - __main__ - cookies/amazon_pincodes/
2018-09-29 05:11:16,097 - DEBUG - __main__ - []
2018-09-29 05:11:16,097 - DEBUG - __main__ - ['110001.pkl', '411001.pkl', '421204.pkl', '560001.pkl', '700001.pkl']
2018-09-29 05:11:16,097 - DEBUG - __main__ - =======ddddddddddddd========= 110001 
2018-09-29 05:11:16,112 - DEBUG - __main__ - +++++++++++++++++++++++++++
2018-09-29 05:11:16,112 - DEBUG - __main__ - B07BGCZCB3
2018-09-29 05:11:16,112 - DEBUG - __main__ - +++++++++++++++++++++++++++
2018-09-29 05:11:16,112 - DEBUG - __main__ - http://www.amazon.in/dp/
2018-09-29 05:11:16,113 - DEBUG - __main__ - 1
2018-09-29 05:11:16,113 - DEBUG - __main__ - 110001
2018-09-29 05:11:16,114 - DEBUG - __main__ - delhi
2018-09-29 05:11:16,114 - DEBUG - __main__ - cookies/amazon_pincodes/
2018-09-29 05:11:16,114 - DEBUG - __main__ - []
2018-09-29 05:11:16,114 - DEBUG - __main__ - ['110001.pkl', '411001.pkl', '421204.pkl', '560001.pkl', '700001.pkl']
2018-09-29 05:11:16,114 - DEBUG - __main__ - =======ddddddddddddd========= 110001 
2018-09-29 05:11:16,125 - DEBUG - __main__ - +++++++++++++++++++++++++++
2018-09-29 05:11:16,125 - DEBUG - __main__ - B07BGCB6M7
2018-09-29 05:11:16,126 - DEBUG - __main__ - +++++++++++++++++++++++++++
2018-09-29 05:11:16,126 - DEBUG - __main__ - http://www.amazon.in/dp/
2018-09-29 05:11:16,126 - DEBUG - __main__ - 1
2018-09-29 05:11:16,126 - DEBUG - __main__ - 110001
2018-09-29 05:11:16,127 - DEBUG - __main__ - delhi
2018-09-29 05:11:16,127 - DEBUG - __main__ - cookies/amazon_pincodes/
2018-09-29 05:11:16,127 - DEBUG - __main__ - []
2018-09-29 05:11:16,127 - DEBUG - __main__ - ['110001.pkl', '411001.pkl', '421204.pkl', '560001.pkl', '700001.pkl']
2018-09-29 05:11:16,127 - DEBUG - __main__ - =======ddddddddddddd========= 110001 
2018-09-29 05:11:16,139 - DEBUG - __main__ - +++++++++++++++++++++++++++
2018-09-29 05:11:16,139 - DEBUG - __main__ - B07BGC61TC
2018-09-29 05:11:16,139 - DEBUG - __main__ - +++++++++++++++++++++++++++
2018-09-29 05:11:16,139 - DEBUG - __main__ - http://www.amazon.in/dp/
2018-09-29 05:11:16,140 - DEBUG - __main__ - 1
2018-09-29 05:11:16,140 - DEBUG - __main__ - 110001
2018-09-29 05:11:16,140 - DEBUG - __main__ - delhi
2018-09-29 05:11:16,141 - DEBUG - __main__ - cookies/amazon_pincodes/
2018-09-29 05:11:16,141 - DEBUG - __main__ - []
2018-09-29 05:11:16,141 - DEBUG - __main__ - ['110001.pkl', '411001.pkl', '421204.pkl', '560001.pkl', '700001.pkl']
2018-09-29 05:11:16,141 - DEBUG - __main__ - =======ddddddddddddd========= 110001 
2018-09-29 05:11:16,152 - DEBUG - __main__ - +++++++++++++++++++++++++++
2018-09-29 05:11:16,153 - DEBUG - __main__ - B07BGCNMBB
2018-09-29 05:11:16,153 - DEBUG - __main__ - +++++++++++++++++++++++++++
2018-09-29 05:11:16,153 - DEBUG - __main__ - http://www.amazon.in/dp/
2018-09-29 05:11:16,154 - DEBUG - __main__ - 1
2018-09-29 05:11:16,154 - DEBUG - __main__ - 110001
2018-09-29 05:11:16,155 - DEBUG - __main__ - delhi
2018-09-29 05:11:16,155 - DEBUG - __main__ - cookies/amazon_pincodes/
2018-09-29 05:11:16,156 - DEBUG - __main__ - []
2018-09-29 05:11:16,156 - DEBUG - __main__ - ['110001.pkl', '411001.pkl', '421204.pkl', '560001.pkl', '700001.pkl']
2018-09-29 05:11:16,156 - DEBUG - __main__ - =======ddddddddddddd========= 110001 
2018-09-29 05:11:16,169 - DEBUG - __main__ - +++++++++++++++++++++++++++
2018-09-29 05:11:16,169 - DEBUG - __main__ - B07BGCWY83
2018-09-29 05:11:16,169 - DEBUG - __main__ - +++++++++++++++++++++++++++
2018-09-29 05:11:16,169 - DEBUG - __main__ - http://www.amazon.in/dp/
2018-09-29 05:11:16,170 - DEBUG - __main__ - 1
2018-09-29 05:11:16,170 - DEBUG - __main__ - 110001
2018-09-29 05:11:16,170 - DEBUG - __main__ - delhi
2018-09-29 05:11:16,170 - DEBUG - __main__ - cookies/amazon_pincodes/
2018-09-29 05:11:16,170 - DEBUG - __main__ - []
2018-09-29 05:11:16,170 - DEBUG - __main__ - ['110001.pkl', '411001.pkl', '421204.pkl', '560001.pkl', '700001.pkl']
2018-09-29 05:11:16,171 - DEBUG - __main__ - =======ddddddddddddd========= 110001 
2018-09-29 05:11:16,184 - DEBUG - __main__ - +++++++++++++++++++++++++++
2018-09-29 05:11:16,184 - DEBUG - __main__ - B07BGD2283
2018-09-29 05:11:16,184 - DEBUG - __main__ - +++++++++++++++++++++++++++
2018-09-29 05:11:16,184 - DEBUG - __main__ - http://www.amazon.in/dp/
2018-09-29 05:11:16,185 - DEBUG - __main__ - 1
2018-09-29 05:11:16,185 - DEBUG - __main__ - 110001
2018-09-29 05:11:16,186 - DEBUG - __main__ - delhi
2018-09-29 05:11:16,186 - DEBUG - __main__ - cookies/amazon_pincodes/
2018-09-29 05:11:16,187 - DEBUG - __main__ - []
2018-09-29 05:11:16,187 - DEBUG - __main__ - ['110001.pkl', '411001.pkl', '421204.pkl', '560001.pkl', '700001.pkl']
2018-09-29 05:11:16,187 - DEBUG - __main__ - =======ddddddddddddd========= 110001 
2018-09-29 05:11:16,204 - DEBUG - __main__ - +++++++++++++++++++++++++++
2018-09-29 05:11:16,204 - DEBUG - __main__ - B01K4F5R3K
2018-09-29 05:11:16,204 - DEBUG - __main__ - +++++++++++++++++++++++++++
2018-09-29 05:11:16,204 - DEBUG - __main__ - http://www.amazon.in/dp/
2018-09-29 05:11:16,205 - DEBUG - __main__ - 1
2018-09-29 05:11:16,205 - DEBUG - __main__ - 110001
2018-09-29 05:11:16,205 - DEBUG - __main__ - delhi
2018-09-29 05:11:16,205 - DEBUG - __main__ - cookies/amazon_pincodes/
2018-09-29 05:11:16,206 - DEBUG - __main__ - []
2018-09-29 05:11:16,207 - DEBUG - __main__ - ['110001.pkl', '411001.pkl', '421204.pkl', '560001.pkl', '700001.pkl']
2018-09-29 05:11:16,207 - DEBUG - __main__ - =======ddddddddddddd========= 110001 
2018-09-29 05:11:16,221 - DEBUG - __main__ - +++++++++++++++++++++++++++
2018-09-29 05:11:16,221 - DEBUG - __main__ - B01N7CJHBT
2018-09-29 05:11:16,221 - DEBUG - __main__ - +++++++++++++++++++++++++++
2018-09-29 05:11:16,222 - DEBUG - __main__ - http://www.amazon.in/dp/
2018-09-29 05:11:16,224 - DEBUG - __main__ - 1
2018-09-29 05:11:16,224 - DEBUG - __main__ - 110001
2018-09-29 05:11:16,224 - DEBUG - __main__ - delhi
2018-09-29 05:11:16,225 - DEBUG - __main__ - cookies/amazon_pincodes/
2018-09-29 05:11:16,225 - DEBUG - __main__ - []
2018-09-29 05:11:16,225 - DEBUG - __main__ - ['110001.pkl', '411001.pkl', '421204.pkl', '560001.pkl', '700001.pkl']
2018-09-29 05:11:16,226 - DEBUG - __main__ - =======ddddddddddddd========= 110001 
2018-09-29 05:11:16,246 - DEBUG - __main__ - +++++++++++++++++++++++++++
2018-09-29 05:11:16,246 - DEBUG - __main__ - B01N59O6RL
2018-09-29 05:11:16,246 - DEBUG - __main__ - +++++++++++++++++++++++++++
2018-09-29 05:11:16,247 - DEBUG - __main__ - http://www.amazon.in/dp/
2018-09-29 05:11:16,247 - DEBUG - __main__ - 1
2018-09-29 05:11:16,248 - DEBUG - __main__ - 110001
2018-09-29 05:11:16,248 - DEBUG - __main__ - delhi
2018-09-29 05:11:16,248 - DEBUG - __main__ - cookies/amazon_pincodes/
2018-09-29 05:11:16,248 - DEBUG - __main__ - []
2018-09-29 05:11:16,249 - DEBUG - __main__ - ['110001.pkl', '411001.pkl', '421204.pkl', '560001.pkl', '700001.pkl']
2018-09-29 05:11:16,249 - DEBUG - __main__ - =======ddddddddddddd========= 110001 
2018-09-29 05:11:16,261 - DEBUG - __main__ - +++++++++++++++++++++++++++
2018-09-29 05:11:16,261 - DEBUG - __main__ - B01N59O6RL
2018-09-29 05:11:16,261 - DEBUG - __main__ - +++++++++++++++++++++++++++
2018-09-29 05:11:16,261 - DEBUG - __main__ - http://www.amazon.in/dp/
2018-09-29 05:11:16,262 - DEBUG - __main__ - 1
2018-09-29 05:11:16,262 - DEBUG - __main__ - 110001
2018-09-29 05:11:16,262 - DEBUG - __main__ - delhi
2018-09-29 05:11:16,262 - DEBUG - __main__ - cookies/amazon_pincodes/
2018-09-29 05:11:16,263 - DEBUG - __main__ - []
2018-09-29 05:11:16,263 - DEBUG - __main__ - ['110001.pkl', '411001.pkl', '421204.pkl', '560001.pkl', '700001.pkl']
2018-09-29 05:11:16,263 - DEBUG - __main__ - =======ddddddddddddd========= 110001 
2018-09-29 05:11:16,275 - DEBUG - __main__ - +++++++++++++++++++++++++++
2018-09-29 05:11:16,275 - DEBUG - __main__ - B01MRRRUJK
2018-09-29 05:11:16,276 - DEBUG - __main__ - +++++++++++++++++++++++++++
2018-09-29 05:11:16,276 - DEBUG - __main__ - http://www.amazon.in/dp/
2018-09-29 05:11:16,276 - DEBUG - __main__ - 1
2018-09-29 05:11:16,276 - DEBUG - __main__ - 110001
2018-09-29 05:11:16,277 - DEBUG - __main__ - delhi
2018-09-29 05:11:16,277 - DEBUG - __main__ - cookies/amazon_pincodes/
2018-09-29 05:11:16,277 - DEBUG - __main__ - []
2018-09-29 05:11:16,278 - DEBUG - __main__ - ['110001.pkl', '411001.pkl', '421204.pkl', '560001.pkl', '700001.pkl']
2018-09-29 05:11:16,278 - DEBUG - __main__ - =======ddddddddddddd========= 110001 
2018-09-29 05:11:16,294 - DEBUG - __main__ - +++++++++++++++++++++++++++
2018-09-29 05:11:16,294 - DEBUG - __main__ - B01K4F5WI0
2018-09-29 05:11:16,295 - DEBUG - __main__ - +++++++++++++++++++++++++++
2018-09-29 05:11:16,295 - DEBUG - __main__ - http://www.amazon.in/dp/
2018-09-29 05:11:16,295 - DEBUG - __main__ - 1
2018-09-29 05:11:16,295 - DEBUG - __main__ - 110001
2018-09-29 05:11:16,297 - DEBUG - __main__ - delhi
2018-09-29 05:11:16,297 - DEBUG - __main__ - cookies/amazon_pincodes/
2018-09-29 05:11:16,297 - DEBUG - __main__ - []
2018-09-29 05:11:16,297 - DEBUG - __main__ - ['110001.pkl', '411001.pkl', '421204.pkl', '560001.pkl', '700001.pkl']
2018-09-29 05:11:16,297 - DEBUG - __main__ - =======ddddddddddddd========= 110001 
2018-09-29 05:11:16,308 - DEBUG - __main__ - +++++++++++++++++++++++++++
2018-09-29 05:11:16,310 - DEBUG - __main__ - B01K4F6HJ8
2018-09-29 05:11:16,310 - DEBUG - __main__ - +++++++++++++++++++++++++++
2018-09-29 05:11:16,310 - DEBUG - __main__ - http://www.amazon.in/dp/
2018-09-29 05:11:16,310 - DEBUG - __main__ - 1
2018-09-29 05:11:16,311 - DEBUG - __main__ - 110001
2018-09-29 05:11:16,311 - DEBUG - __main__ - delhi
2018-09-29 05:11:16,311 - DEBUG - __main__ - cookies/amazon_pincodes/
2018-09-29 05:11:16,311 - DEBUG - __main__ - []
2018-09-29 05:11:16,311 - DEBUG - __main__ - ['110001.pkl', '411001.pkl', '421204.pkl', '560001.pkl', '700001.pkl']
2018-09-29 05:11:16,312 - DEBUG - __main__ - =======ddddddddddddd========= 110001 
2018-09-29 05:11:16,326 - DEBUG - __main__ - +++++++++++++++++++++++++++
2018-09-29 05:11:16,326 - DEBUG - __main__ - B01K4F66YY
2018-09-29 05:11:16,326 - DEBUG - __main__ - +++++++++++++++++++++++++++
2018-09-29 05:11:16,326 - DEBUG - __main__ - http://www.amazon.in/dp/
2018-09-29 05:11:16,327 - DEBUG - __main__ - 1
2018-09-29 05:11:16,327 - DEBUG - __main__ - 110001
2018-09-29 05:11:16,328 - DEBUG - __main__ - delhi
2018-09-29 05:11:16,328 - DEBUG - __main__ - cookies/amazon_pincodes/
2018-09-29 05:11:16,328 - DEBUG - __main__ - []
2018-09-29 05:11:16,328 - DEBUG - __main__ - ['110001.pkl', '411001.pkl', '421204.pkl', '560001.pkl', '700001.pkl']
2018-09-29 05:11:16,329 - DEBUG - __main__ - =======ddddddddddddd========= 110001 
2018-09-29 05:11:16,343 - DEBUG - __main__ - +++++++++++++++++++++++++++
2018-09-29 05:11:16,343 - DEBUG - __main__ - B01K4F62HK
2018-09-29 05:11:16,344 - DEBUG - __main__ - +++++++++++++++++++++++++++
2018-09-29 05:11:16,344 - DEBUG - __main__ - http://www.amazon.in/dp/
2018-09-29 05:11:16,345 - DEBUG - __main__ - 1
2018-09-29 05:11:16,345 - DEBUG - __main__ - 110001
2018-09-29 05:11:16,345 - DEBUG - __main__ - delhi
2018-09-29 05:11:16,346 - DEBUG - __main__ - cookies/amazon_pincodes/
2018-09-29 05:11:16,346 - DEBUG - __main__ - []
2018-09-29 05:11:16,347 - DEBUG - __main__ - ['110001.pkl', '411001.pkl', '421204.pkl', '560001.pkl', '700001.pkl']
2018-09-29 05:11:16,347 - DEBUG - __main__ - =======ddddddddddddd========= 110001 
2018-09-29 05:11:16,363 - DEBUG - __main__ - +++++++++++++++++++++++++++
2018-09-29 05:11:16,364 - DEBUG - __main__ - B01K4F6CBG
2018-09-29 05:11:16,364 - DEBUG - __main__ - +++++++++++++++++++++++++++
2018-09-29 05:11:16,364 - DEBUG - __main__ - http://www.amazon.in/dp/
2018-09-29 05:11:16,365 - DEBUG - __main__ - 1
2018-09-29 05:11:16,365 - DEBUG - __main__ - 110001
2018-09-29 05:11:16,366 - DEBUG - __main__ - delhi
2018-09-29 05:11:16,366 - DEBUG - __main__ - cookies/amazon_pincodes/
2018-09-29 05:11:16,366 - DEBUG - __main__ - []
2018-09-29 05:11:16,367 - DEBUG - __main__ - ['110001.pkl', '411001.pkl', '421204.pkl', '560001.pkl', '700001.pkl']
2018-09-29 05:11:16,367 - DEBUG - __main__ - =======ddddddddddddd========= 110001 
2018-09-29 05:11:16,382 - DEBUG - __main__ - +++++++++++++++++++++++++++
2018-09-29 05:11:16,382 - DEBUG - __main__ - B01K4F5FIC
2018-09-29 05:11:16,382 - DEBUG - __main__ - +++++++++++++++++++++++++++
2018-09-29 05:11:16,382 - DEBUG - __main__ - http://www.amazon.in/dp/
2018-09-29 05:11:16,382 - DEBUG - __main__ - 1
2018-09-29 05:11:16,382 - DEBUG - __main__ - 110001
2018-09-29 05:11:16,382 - DEBUG - __main__ - delhi
2018-09-29 05:11:16,382 - DEBUG - __main__ - cookies/amazon_pincodes/
2018-09-29 05:11:16,382 - DEBUG - __main__ - []
2018-09-29 05:11:16,382 - DEBUG - __main__ - ['110001.pkl', '411001.pkl', '421204.pkl', '560001.pkl', '700001.pkl']
2018-09-29 05:11:16,382 - DEBUG - __main__ - =======ddddddddddddd========= 110001 
2018-09-29 05:11:16,411 - DEBUG - __main__ - +++++++++++++++++++++++++++
2018-09-29 05:11:16,412 - DEBUG - __main__ - B01K4F5FIC
2018-09-29 05:11:16,412 - DEBUG - __main__ - +++++++++++++++++++++++++++
2018-09-29 05:11:16,412 - DEBUG - __main__ - http://www.amazon.in/dp/
2018-09-29 05:11:16,412 - DEBUG - __main__ - 1
2018-09-29 05:11:16,413 - DEBUG - __main__ - 110001
2018-09-29 05:11:16,414 - DEBUG - __main__ - delhi
2018-09-29 05:11:16,414 - DEBUG - __main__ - cookies/amazon_pincodes/
2018-09-29 05:11:16,415 - DEBUG - __main__ - []
2018-09-29 05:11:16,415 - DEBUG - __main__ - ['110001.pkl', '411001.pkl', '421204.pkl', '560001.pkl', '700001.pkl']
2018-09-29 05:11:16,415 - DEBUG - __main__ - =======ddddddddddddd========= 110001 
2018-09-29 05:11:16,434 - DEBUG - __main__ - +++++++++++++++++++++++++++
2018-09-29 05:11:16,434 - DEBUG - __main__ - B01K4F7QWU
2018-09-29 05:11:16,434 - DEBUG - __main__ - +++++++++++++++++++++++++++
2018-09-29 05:11:16,434 - DEBUG - __main__ - http://www.amazon.in/dp/
2018-09-29 05:11:16,435 - DEBUG - __main__ - 1
2018-09-29 05:11:16,435 - DEBUG - __main__ - 110001
2018-09-29 05:11:16,436 - DEBUG - __main__ - delhi
2018-09-29 05:11:16,437 - DEBUG - __main__ - cookies/amazon_pincodes/
2018-09-29 05:11:16,437 - DEBUG - __main__ - []
2018-09-29 05:11:16,437 - DEBUG - __main__ - ['110001.pkl', '411001.pkl', '421204.pkl', '560001.pkl', '700001.pkl']
2018-09-29 05:11:16,437 - DEBUG - __main__ - =======ddddddddddddd========= 110001 
2018-09-29 05:11:16,461 - DEBUG - __main__ - +++++++++++++++++++++++++++
2018-09-29 05:11:16,461 - DEBUG - __main__ - B01K4F2DQO
2018-09-29 05:11:16,462 - DEBUG - __main__ - +++++++++++++++++++++++++++
2018-09-29 05:11:16,462 - DEBUG - __main__ - http://www.amazon.in/dp/
2018-09-29 05:11:16,463 - DEBUG - __main__ - 1
2018-09-29 05:11:16,463 - DEBUG - __main__ - 110001
2018-09-29 05:11:16,463 - DEBUG - __main__ - delhi
2018-09-29 05:11:16,463 - DEBUG - __main__ - cookies/amazon_pincodes/
2018-09-29 05:11:16,463 - DEBUG - __main__ - []
2018-09-29 05:11:16,464 - DEBUG - __main__ - ['110001.pkl', '411001.pkl', '421204.pkl', '560001.pkl', '700001.pkl']
2018-09-29 05:11:16,464 - DEBUG - __main__ - =======ddddddddddddd========= 110001 
2018-09-29 05:11:16,480 - DEBUG - __main__ - +++++++++++++++++++++++++++
2018-09-29 05:11:16,480 - DEBUG - __main__ - B01HBEUAI4
2018-09-29 05:11:16,480 - DEBUG - __main__ - +++++++++++++++++++++++++++
2018-09-29 05:11:16,481 - DEBUG - __main__ - http://www.amazon.in/dp/
2018-09-29 05:11:16,482 - DEBUG - __main__ - 1
2018-09-29 05:11:16,483 - DEBUG - __main__ - 110001
2018-09-29 05:11:16,483 - DEBUG - __main__ - delhi
2018-09-29 05:11:16,483 - DEBUG - __main__ - cookies/amazon_pincodes/
2018-09-29 05:11:16,484 - DEBUG - __main__ - []
2018-09-29 05:11:16,484 - DEBUG - __main__ - ['110001.pkl', '411001.pkl', '421204.pkl', '560001.pkl', '700001.pkl']
2018-09-29 05:11:16,485 - DEBUG - __main__ - =======ddddddddddddd========= 110001 
2018-09-29 05:11:16,500 - DEBUG - __main__ - +++++++++++++++++++++++++++
2018-09-29 05:11:16,500 - DEBUG - __main__ - B01N0GN72Y
2018-09-29 05:11:16,500 - DEBUG - __main__ - +++++++++++++++++++++++++++
2018-09-29 05:11:16,500 - DEBUG - __main__ - http://www.amazon.in/dp/
2018-09-29 05:11:16,501 - DEBUG - __main__ - 1
2018-09-29 05:11:16,501 - DEBUG - __main__ - 110001
2018-09-29 05:11:16,502 - DEBUG - __main__ - delhi
2018-09-29 05:11:16,502 - DEBUG - __main__ - cookies/amazon_pincodes/
2018-09-29 05:11:16,502 - DEBUG - __main__ - []
2018-09-29 05:11:16,502 - DEBUG - __main__ - ['110001.pkl', '411001.pkl', '421204.pkl', '560001.pkl', '700001.pkl']
2018-09-29 05:11:16,503 - DEBUG - __main__ - =======ddddddddddddd========= 110001 
2018-09-29 05:11:16,516 - DEBUG - __main__ - +++++++++++++++++++++++++++
2018-09-29 05:11:16,517 - DEBUG - __main__ - B01K4F2TN6
2018-09-29 05:11:16,517 - DEBUG - __main__ - +++++++++++++++++++++++++++
2018-09-29 05:11:16,517 - DEBUG - __main__ - http://www.amazon.in/dp/
2018-09-29 05:11:16,518 - DEBUG - __main__ - 1
2018-09-29 05:11:16,518 - DEBUG - __main__ - 110001
2018-09-29 05:11:16,518 - DEBUG - __main__ - delhi
2018-09-29 05:11:16,518 - DEBUG - __main__ - cookies/amazon_pincodes/
2018-09-29 05:11:16,518 - DEBUG - __main__ - []
2018-09-29 05:11:16,518 - DEBUG - __main__ - ['110001.pkl', '411001.pkl', '421204.pkl', '560001.pkl', '700001.pkl']
2018-09-29 05:11:16,519 - DEBUG - __main__ - =======ddddddddddddd========= 110001 
2018-09-29 05:11:16,531 - DEBUG - __main__ - +++++++++++++++++++++++++++
2018-09-29 05:11:16,533 - DEBUG - __main__ - B01K4F2XVO
2018-09-29 05:11:16,533 - DEBUG - __main__ - +++++++++++++++++++++++++++
2018-09-29 05:11:16,533 - DEBUG - __main__ - http://www.amazon.in/dp/
2018-09-29 05:11:16,534 - DEBUG - __main__ - 1
2018-09-29 05:11:16,534 - DEBUG - __main__ - 110001
2018-09-29 05:11:16,534 - DEBUG - __main__ - delhi
2018-09-29 05:11:16,534 - DEBUG - __main__ - cookies/amazon_pincodes/
2018-09-29 05:11:16,534 - DEBUG - __main__ - []
2018-09-29 05:11:16,534 - DEBUG - __main__ - ['110001.pkl', '411001.pkl', '421204.pkl', '560001.pkl', '700001.pkl']
2018-09-29 05:11:16,535 - DEBUG - __main__ - =======ddddddddddddd========= 110001 
2018-09-29 05:11:16,550 - DEBUG - __main__ - +++++++++++++++++++++++++++
2018-09-29 05:11:16,550 - DEBUG - __main__ - XXXXX
2018-09-29 05:11:16,550 - DEBUG - __main__ - +++++++++++++++++++++++++++
2018-09-29 05:11:16,550 - DEBUG - __main__ - http://www.amazon.in/dp/
2018-09-29 05:11:16,551 - DEBUG - __main__ - 1
2018-09-29 05:11:16,551 - DEBUG - __main__ - 110001
2018-09-29 05:11:16,551 - DEBUG - __main__ - delhi
2018-09-29 05:11:16,552 - DEBUG - __main__ - cookies/amazon_pincodes/
2018-09-29 05:11:16,552 - DEBUG - __main__ - []
2018-09-29 05:11:16,552 - DEBUG - __main__ - ['110001.pkl', '411001.pkl', '421204.pkl', '560001.pkl', '700001.pkl']
2018-09-29 05:11:16,552 - DEBUG - __main__ - =======ddddddddddddd========= 110001 
2018-09-29 05:11:16,572 - DEBUG - __main__ - +++++++++++++++++++++++++++
2018-09-29 05:11:16,572 - DEBUG - __main__ - B01HBF5WBI
2018-09-29 05:11:16,573 - DEBUG - __main__ - +++++++++++++++++++++++++++
2018-09-29 05:11:16,573 - DEBUG - __main__ - http://www.amazon.in/dp/
2018-09-29 05:11:16,574 - DEBUG - __main__ - 1
2018-09-29 05:11:16,574 - DEBUG - __main__ - 110001
2018-09-29 05:11:16,574 - DEBUG - __main__ - delhi
2018-09-29 05:11:16,575 - DEBUG - __main__ - cookies/amazon_pincodes/
2018-09-29 05:11:16,576 - DEBUG - __main__ - []
2018-09-29 05:11:16,576 - DEBUG - __main__ - ['110001.pkl', '411001.pkl', '421204.pkl', '560001.pkl', '700001.pkl']
2018-09-29 05:11:16,576 - DEBUG - __main__ - =======ddddddddddddd========= 110001 
2018-09-29 05:11:16,595 - DEBUG - __main__ - +++++++++++++++++++++++++++
2018-09-29 05:11:16,595 - DEBUG - __main__ - B01HBF5WBI
2018-09-29 05:11:16,595 - DEBUG - __main__ - +++++++++++++++++++++++++++
2018-09-29 05:11:16,595 - DEBUG - __main__ - http://www.amazon.in/dp/
2018-09-29 05:11:16,596 - DEBUG - __main__ - 1
2018-09-29 05:11:16,596 - DEBUG - __main__ - 110001
2018-09-29 05:11:16,597 - DEBUG - __main__ - delhi
2018-09-29 05:11:16,597 - DEBUG - __main__ - cookies/amazon_pincodes/
2018-09-29 05:11:16,597 - DEBUG - __main__ - []
2018-09-29 05:11:16,598 - DEBUG - __main__ - ['110001.pkl', '411001.pkl', '421204.pkl', '560001.pkl', '700001.pkl']
2018-09-29 05:11:16,598 - DEBUG - __main__ - =======ddddddddddddd========= 110001 
2018-09-29 05:11:16,612 - DEBUG - __main__ - +++++++++++++++++++++++++++
2018-09-29 05:11:16,612 - DEBUG - __main__ - B078SFTDTY
2018-09-29 05:11:16,612 - DEBUG - __main__ - +++++++++++++++++++++++++++
2018-09-29 05:11:16,612 - DEBUG - __main__ - http://www.amazon.in/dp/
2018-09-29 05:11:16,612 - DEBUG - __main__ - 1
2018-09-29 05:11:16,612 - DEBUG - __main__ - 110001
2018-09-29 05:11:16,613 - DEBUG - __main__ - delhi
2018-09-29 05:11:16,613 - DEBUG - __main__ - cookies/amazon_pincodes/
2018-09-29 05:11:16,613 - DEBUG - __main__ - []
2018-09-29 05:11:16,613 - DEBUG - __main__ - ['110001.pkl', '411001.pkl', '421204.pkl', '560001.pkl', '700001.pkl']
2018-09-29 05:11:16,615 - DEBUG - __main__ - =======ddddddddddddd========= 110001 
2018-09-29 05:11:16,628 - DEBUG - __main__ - +++++++++++++++++++++++++++
2018-09-29 05:11:16,628 - DEBUG - __main__ - B078SDRVXY
2018-09-29 05:11:16,629 - DEBUG - __main__ - +++++++++++++++++++++++++++
2018-09-29 05:11:16,629 - DEBUG - __main__ - http://www.amazon.in/dp/
2018-09-29 05:11:16,630 - DEBUG - __main__ - 1
2018-09-29 05:11:16,630 - DEBUG - __main__ - 110001
2018-09-29 05:11:16,631 - DEBUG - __main__ - delhi
2018-09-29 05:11:16,631 - DEBUG - __main__ - cookies/amazon_pincodes/
2018-09-29 05:11:16,631 - DEBUG - __main__ - []
2018-09-29 05:11:16,632 - DEBUG - __main__ - ['110001.pkl', '411001.pkl', '421204.pkl', '560001.pkl', '700001.pkl']
2018-09-29 05:11:16,632 - DEBUG - __main__ - =======ddddddddddddd========= 110001 
2018-09-29 05:11:16,647 - DEBUG - __main__ - +++++++++++++++++++++++++++
2018-09-29 05:11:16,647 - DEBUG - __main__ - B01K4F3264
2018-09-29 05:11:16,647 - DEBUG - __main__ - +++++++++++++++++++++++++++
2018-09-29 05:11:16,647 - DEBUG - __main__ - http://www.amazon.in/dp/
2018-09-29 05:11:16,648 - DEBUG - __main__ - 1
2018-09-29 05:11:16,648 - DEBUG - __main__ - 110001
2018-09-29 05:11:16,649 - DEBUG - __main__ - delhi
2018-09-29 05:11:16,649 - DEBUG - __main__ - cookies/amazon_pincodes/
2018-09-29 05:11:16,649 - DEBUG - __main__ - []
2018-09-29 05:11:16,649 - DEBUG - __main__ - ['110001.pkl', '411001.pkl', '421204.pkl', '560001.pkl', '700001.pkl']
2018-09-29 05:11:16,650 - DEBUG - __main__ - =======ddddddddddddd========= 110001 
2018-09-29 05:11:16,664 - DEBUG - __main__ - +++++++++++++++++++++++++++
2018-09-29 05:11:16,664 - DEBUG - __main__ - B01N6MVEN4
2018-09-29 05:11:16,664 - DEBUG - __main__ - +++++++++++++++++++++++++++
2018-09-29 05:11:16,664 - DEBUG - __main__ - http://www.amazon.in/dp/
2018-09-29 05:11:16,665 - DEBUG - __main__ - 1
2018-09-29 05:11:16,665 - DEBUG - __main__ - 110001
2018-09-29 05:11:16,665 - DEBUG - __main__ - delhi
2018-09-29 05:11:16,665 - DEBUG - __main__ - cookies/amazon_pincodes/
2018-09-29 05:11:16,665 - DEBUG - __main__ - []
2018-09-29 05:11:16,666 - DEBUG - __main__ - ['110001.pkl', '411001.pkl', '421204.pkl', '560001.pkl', '700001.pkl']
2018-09-29 05:11:16,666 - DEBUG - __main__ - =======ddddddddddddd========= 110001 
2018-09-29 05:11:16,680 - DEBUG - __main__ - +++++++++++++++++++++++++++
2018-09-29 05:11:16,680 - DEBUG - __main__ - B07B6H75SQ
2018-09-29 05:11:16,680 - DEBUG - __main__ - +++++++++++++++++++++++++++
2018-09-29 05:11:16,680 - DEBUG - __main__ - http://www.amazon.in/dp/
2018-09-29 05:11:16,681 - DEBUG - __main__ - 1
2018-09-29 05:11:16,681 - DEBUG - __main__ - 110001
2018-09-29 05:11:16,681 - DEBUG - __main__ - delhi
2018-09-29 05:11:16,682 - DEBUG - __main__ - cookies/amazon_pincodes/
2018-09-29 05:11:16,682 - DEBUG - __main__ - []
2018-09-29 05:11:16,682 - DEBUG - __main__ - ['110001.pkl', '411001.pkl', '421204.pkl', '560001.pkl', '700001.pkl']
2018-09-29 05:11:16,682 - DEBUG - __main__ - =======ddddddddddddd========= 110001 
2018-09-29 05:11:16,696 - DEBUG - __main__ - +++++++++++++++++++++++++++
2018-09-29 05:11:16,696 - DEBUG - __main__ - B078SFQVBR
2018-09-29 05:11:16,696 - DEBUG - __main__ - +++++++++++++++++++++++++++
2018-09-29 05:11:16,696 - DEBUG - __main__ - http://www.amazon.in/dp/
2018-09-29 05:11:16,697 - DEBUG - __main__ - 1
2018-09-29 05:11:16,697 - DEBUG - __main__ - 110001
2018-09-29 05:11:16,697 - DEBUG - __main__ - delhi
2018-09-29 05:11:16,698 - DEBUG - __main__ - cookies/amazon_pincodes/
2018-09-29 05:11:16,698 - DEBUG - __main__ - []
2018-09-29 05:11:16,698 - DEBUG - __main__ - ['110001.pkl', '411001.pkl', '421204.pkl', '560001.pkl', '700001.pkl']
2018-09-29 05:11:16,698 - DEBUG - __main__ - =======ddddddddddddd========= 110001 
2018-09-29 05:11:16,714 - DEBUG - __main__ - +++++++++++++++++++++++++++
2018-09-29 05:11:16,714 - DEBUG - __main__ - B07B6H751L
2018-09-29 05:11:16,715 - DEBUG - __main__ - +++++++++++++++++++++++++++
2018-09-29 05:11:16,715 - DEBUG - __main__ - http://www.amazon.in/dp/
2018-09-29 05:11:16,716 - DEBUG - __main__ - 1
2018-09-29 05:11:16,717 - DEBUG - __main__ - 110001
2018-09-29 05:11:16,717 - DEBUG - __main__ - delhi
2018-09-29 05:11:16,718 - DEBUG - __main__ - cookies/amazon_pincodes/
2018-09-29 05:11:16,718 - DEBUG - __main__ - []
2018-09-29 05:11:16,719 - DEBUG - __main__ - ['110001.pkl', '411001.pkl', '421204.pkl', '560001.pkl', '700001.pkl']
2018-09-29 05:11:16,719 - DEBUG - __main__ - =======ddddddddddddd========= 110001 
2018-09-29 05:11:16,741 - DEBUG - __main__ - +++++++++++++++++++++++++++
2018-09-29 05:11:16,741 - DEBUG - __main__ - XXXXX
2018-09-29 05:11:16,742 - DEBUG - __main__ - +++++++++++++++++++++++++++
2018-09-29 05:11:16,742 - DEBUG - __main__ - http://www.amazon.in/dp/
2018-09-29 05:11:16,743 - DEBUG - __main__ - 1
2018-09-29 05:11:16,743 - DEBUG - __main__ - 110001
2018-09-29 05:11:16,744 - DEBUG - __main__ - delhi
2018-09-29 05:11:16,744 - DEBUG - __main__ - cookies/amazon_pincodes/
2018-09-29 05:11:16,744 - DEBUG - __main__ - []
2018-09-29 05:11:16,744 - DEBUG - __main__ - ['110001.pkl', '411001.pkl', '421204.pkl', '560001.pkl', '700001.pkl']
2018-09-29 05:11:16,745 - DEBUG - __main__ - =======ddddddddddddd========= 110001 
2018-09-29 05:11:16,763 - DEBUG - __main__ - +++++++++++++++++++++++++++
2018-09-29 05:11:16,763 - DEBUG - __main__ - B07DLMRVBY
2018-09-29 05:11:16,763 - DEBUG - __main__ - +++++++++++++++++++++++++++
2018-09-29 05:11:16,763 - DEBUG - __main__ - http://www.amazon.in/dp/
2018-09-29 05:11:16,764 - DEBUG - __main__ - 1
2018-09-29 05:11:16,764 - DEBUG - __main__ - 110001
2018-09-29 05:11:16,764 - DEBUG - __main__ - delhi
2018-09-29 05:11:16,765 - DEBUG - __main__ - cookies/amazon_pincodes/
2018-09-29 05:11:16,765 - DEBUG - __main__ - []
2018-09-29 05:11:16,765 - DEBUG - __main__ - ['110001.pkl', '411001.pkl', '421204.pkl', '560001.pkl', '700001.pkl']
2018-09-29 05:11:16,765 - DEBUG - __main__ - =======ddddddddddddd========= 110001 
2018-09-29 05:11:16,785 - DEBUG - __main__ - +++++++++++++++++++++++++++
2018-09-29 05:11:16,785 - DEBUG - __main__ - B01HBEQ006
2018-09-29 05:11:16,785 - DEBUG - __main__ - +++++++++++++++++++++++++++
2018-09-29 05:11:16,785 - DEBUG - __main__ - http://www.amazon.in/dp/
2018-09-29 05:11:16,785 - DEBUG - __main__ - 1
2018-09-29 05:11:16,786 - DEBUG - __main__ - 110001
2018-09-29 05:11:16,787 - DEBUG - __main__ - delhi
2018-09-29 05:11:16,787 - DEBUG - __main__ - cookies/amazon_pincodes/
2018-09-29 05:11:16,787 - DEBUG - __main__ - []
2018-09-29 05:11:16,787 - DEBUG - __main__ - ['110001.pkl', '411001.pkl', '421204.pkl', '560001.pkl', '700001.pkl']
2018-09-29 05:11:16,787 - DEBUG - __main__ - =======ddddddddddddd========= 110001 
2018-09-29 05:11:16,802 - DEBUG - __main__ - +++++++++++++++++++++++++++
2018-09-29 05:11:16,802 - DEBUG - __main__ - B01K4F3IVS
2018-09-29 05:11:16,803 - DEBUG - __main__ - +++++++++++++++++++++++++++
2018-09-29 05:11:16,803 - DEBUG - __main__ - http://www.amazon.in/dp/
2018-09-29 05:11:16,804 - DEBUG - __main__ - 1
2018-09-29 05:11:16,804 - DEBUG - __main__ - 110001
2018-09-29 05:11:16,805 - DEBUG - __main__ - delhi
2018-09-29 05:11:16,805 - DEBUG - __main__ - cookies/amazon_pincodes/
2018-09-29 05:11:16,805 - DEBUG - __main__ - []
2018-09-29 05:11:16,806 - DEBUG - __main__ - ['110001.pkl', '411001.pkl', '421204.pkl', '560001.pkl', '700001.pkl']
2018-09-29 05:11:16,806 - DEBUG - __main__ - =======ddddddddddddd========= 110001 
2018-09-29 05:11:16,819 - DEBUG - __main__ - +++++++++++++++++++++++++++
2018-09-29 05:11:16,819 - DEBUG - __main__ - B01NBEWANN
2018-09-29 05:11:16,819 - DEBUG - __main__ - +++++++++++++++++++++++++++
2018-09-29 05:11:16,819 - DEBUG - __main__ - http://www.amazon.in/dp/
2018-09-29 05:11:16,820 - DEBUG - __main__ - 1
2018-09-29 05:11:16,820 - DEBUG - __main__ - 110001
2018-09-29 05:11:16,820 - DEBUG - __main__ - delhi
2018-09-29 05:11:16,821 - DEBUG - __main__ - cookies/amazon_pincodes/
2018-09-29 05:11:16,821 - DEBUG - __main__ - []
2018-09-29 05:11:16,821 - DEBUG - __main__ - ['110001.pkl', '411001.pkl', '421204.pkl', '560001.pkl', '700001.pkl']
2018-09-29 05:11:16,821 - DEBUG - __main__ - =======ddddddddddddd========= 110001 
2018-09-29 05:11:16,838 - DEBUG - __main__ - +++++++++++++++++++++++++++
2018-09-29 05:11:16,838 - DEBUG - __main__ - B01K4F3APM
2018-09-29 05:11:16,839 - DEBUG - __main__ - +++++++++++++++++++++++++++
2018-09-29 05:11:16,839 - DEBUG - __main__ - http://www.amazon.in/dp/
2018-09-29 05:11:16,840 - DEBUG - __main__ - 1
2018-09-29 05:11:16,840 - DEBUG - __main__ - 110001
2018-09-29 05:11:16,841 - DEBUG - __main__ - delhi
2018-09-29 05:11:16,841 - DEBUG - __main__ - cookies/amazon_pincodes/
2018-09-29 05:11:16,842 - DEBUG - __main__ - []
2018-09-29 05:11:16,842 - DEBUG - __main__ - ['110001.pkl', '411001.pkl', '421204.pkl', '560001.pkl', '700001.pkl']
2018-09-29 05:11:16,842 - DEBUG - __main__ - =======ddddddddddddd========= 110001 
2018-09-29 05:11:16,859 - DEBUG - __main__ - +++++++++++++++++++++++++++
2018-09-29 05:11:16,859 - DEBUG - __main__ - B01K4F3EYO
2018-09-29 05:11:16,860 - DEBUG - __main__ - +++++++++++++++++++++++++++
2018-09-29 05:11:16,860 - DEBUG - __main__ - http://www.amazon.in/dp/
2018-09-29 05:11:16,861 - DEBUG - __main__ - 1
2018-09-29 05:11:16,862 - DEBUG - __main__ - 110001
2018-09-29 05:11:16,862 - DEBUG - __main__ - delhi
2018-09-29 05:11:16,863 - DEBUG - __main__ - cookies/amazon_pincodes/
2018-09-29 05:11:16,863 - DEBUG - __main__ - []
2018-09-29 05:11:16,864 - DEBUG - __main__ - ['110001.pkl', '411001.pkl', '421204.pkl', '560001.pkl', '700001.pkl']
2018-09-29 05:11:16,864 - DEBUG - __main__ - =======ddddddddddddd========= 110001 
2018-09-29 05:11:16,879 - DEBUG - __main__ - +++++++++++++++++++++++++++
2018-09-29 05:11:16,879 - DEBUG - __main__ - B01HBFTGPQ
2018-09-29 05:11:16,880 - DEBUG - __main__ - +++++++++++++++++++++++++++
2018-09-29 05:11:16,880 - DEBUG - __main__ - http://www.amazon.in/dp/
2018-09-29 05:11:16,881 - DEBUG - __main__ - 1
2018-09-29 05:11:16,881 - DEBUG - __main__ - 110001
2018-09-29 05:11:16,881 - DEBUG - __main__ - delhi
2018-09-29 05:11:16,882 - DEBUG - __main__ - cookies/amazon_pincodes/
2018-09-29 05:11:16,882 - DEBUG - __main__ - []
2018-09-29 05:11:16,882 - DEBUG - __main__ - ['110001.pkl', '411001.pkl', '421204.pkl', '560001.pkl', '700001.pkl']
2018-09-29 05:11:16,882 - DEBUG - __main__ - =======ddddddddddddd========= 110001 
2018-09-29 05:11:16,896 - DEBUG - __main__ - +++++++++++++++++++++++++++
2018-09-29 05:11:16,896 - DEBUG - __main__ - B01HBFTGPQ
2018-09-29 05:11:16,896 - DEBUG - __main__ - +++++++++++++++++++++++++++
2018-09-29 05:11:16,897 - DEBUG - __main__ - http://www.amazon.in/dp/
2018-09-29 05:11:16,897 - DEBUG - __main__ - 1
2018-09-29 05:11:16,898 - DEBUG - __main__ - 110001
2018-09-29 05:11:16,899 - DEBUG - __main__ - delhi
2018-09-29 05:11:16,899 - DEBUG - __main__ - cookies/amazon_pincodes/
2018-09-29 05:11:16,899 - DEBUG - __main__ - []
2018-09-29 05:11:16,900 - DEBUG - __main__ - ['110001.pkl', '411001.pkl', '421204.pkl', '560001.pkl', '700001.pkl']
2018-09-29 05:11:16,900 - DEBUG - __main__ - =======ddddddddddddd========= 110001 
2018-09-29 05:11:16,919 - DEBUG - __main__ - +++++++++++++++++++++++++++
2018-09-29 05:11:16,919 - DEBUG - __main__ - B01HBFUCTA
2018-09-29 05:11:16,920 - DEBUG - __main__ - +++++++++++++++++++++++++++
2018-09-29 05:11:16,920 - DEBUG - __main__ - http://www.amazon.in/dp/
2018-09-29 05:11:16,921 - DEBUG - __main__ - 1
2018-09-29 05:11:16,922 - DEBUG - __main__ - 110001
2018-09-29 05:11:16,922 - DEBUG - __main__ - delhi
2018-09-29 05:11:16,923 - DEBUG - __main__ - cookies/amazon_pincodes/
2018-09-29 05:11:16,923 - DEBUG - __main__ - []
2018-09-29 05:11:16,925 - DEBUG - __main__ - ['110001.pkl', '411001.pkl', '421204.pkl', '560001.pkl', '700001.pkl']
2018-09-29 05:11:16,925 - DEBUG - __main__ - =======ddddddddddddd========= 110001 
2018-09-29 05:11:16,947 - DEBUG - __main__ - +++++++++++++++++++++++++++
2018-09-29 05:11:16,947 - DEBUG - __main__ - B01HBFUCTA
2018-09-29 05:11:16,948 - DEBUG - __main__ - +++++++++++++++++++++++++++
2018-09-29 05:11:16,948 - DEBUG - __main__ - http://www.amazon.in/dp/
2018-09-29 05:11:16,949 - DEBUG - __main__ - 1
2018-09-29 05:11:16,949 - DEBUG - __main__ - 110001
2018-09-29 05:11:16,950 - DEBUG - __main__ - delhi
2018-09-29 05:11:16,950 - DEBUG - __main__ - cookies/amazon_pincodes/
2018-09-29 05:11:16,950 - DEBUG - __main__ - []
2018-09-29 05:11:16,950 - DEBUG - __main__ - ['110001.pkl', '411001.pkl', '421204.pkl', '560001.pkl', '700001.pkl']
2018-09-29 05:11:16,951 - DEBUG - __main__ - =======ddddddddddddd========= 110001 
2018-09-29 05:11:16,970 - DEBUG - __main__ - +++++++++++++++++++++++++++
2018-09-29 05:11:16,971 - DEBUG - __main__ - B01HBFSSUK
2018-09-29 05:11:16,971 - DEBUG - __main__ - +++++++++++++++++++++++++++
2018-09-29 05:11:16,971 - DEBUG - __main__ - http://www.amazon.in/dp/
2018-09-29 05:11:16,972 - DEBUG - __main__ - 1
2018-09-29 05:11:16,972 - DEBUG - __main__ - 110001
2018-09-29 05:11:16,973 - DEBUG - __main__ - delhi
2018-09-29 05:11:16,974 - DEBUG - __main__ - cookies/amazon_pincodes/
2018-09-29 05:11:16,975 - DEBUG - __main__ - []
2018-09-29 05:11:16,975 - DEBUG - __main__ - ['110001.pkl', '411001.pkl', '421204.pkl', '560001.pkl', '700001.pkl']
2018-09-29 05:11:16,975 - DEBUG - __main__ - =======ddddddddddddd========= 110001 
2018-09-29 05:11:16,993 - DEBUG - __main__ - +++++++++++++++++++++++++++
2018-09-29 05:11:16,993 - DEBUG - __main__ - B01HBFXKO4
2018-09-29 05:11:16,993 - DEBUG - __main__ - +++++++++++++++++++++++++++
2018-09-29 05:11:16,994 - DEBUG - __main__ - http://www.amazon.in/dp/
2018-09-29 05:11:16,994 - DEBUG - __main__ - 1
2018-09-29 05:11:16,994 - DEBUG - __main__ - 110001
2018-09-29 05:11:16,995 - DEBUG - __main__ - delhi
2018-09-29 05:11:16,995 - DEBUG - __main__ - cookies/amazon_pincodes/
2018-09-29 05:11:16,995 - DEBUG - __main__ - []
2018-09-29 05:11:16,995 - DEBUG - __main__ - ['110001.pkl', '411001.pkl', '421204.pkl', '560001.pkl', '700001.pkl']
2018-09-29 05:11:16,996 - DEBUG - __main__ - =======ddddddddddddd========= 110001 
2018-09-29 05:11:17,014 - DEBUG - __main__ - +++++++++++++++++++++++++++
2018-09-29 05:11:17,014 - DEBUG - __main__ - B01HBFSSUK
2018-09-29 05:11:17,014 - DEBUG - __main__ - +++++++++++++++++++++++++++
2018-09-29 05:11:17,014 - DEBUG - __main__ - http://www.amazon.in/dp/
2018-09-29 05:11:17,015 - DEBUG - __main__ - 1
2018-09-29 05:11:17,015 - DEBUG - __main__ - 110001
2018-09-29 05:11:17,015 - DEBUG - __main__ - delhi
2018-09-29 05:11:17,016 - DEBUG - __main__ - cookies/amazon_pincodes/
2018-09-29 05:11:17,016 - DEBUG - __main__ - []
2018-09-29 05:11:17,016 - DEBUG - __main__ - ['110001.pkl', '411001.pkl', '421204.pkl', '560001.pkl', '700001.pkl']
2018-09-29 05:11:17,016 - DEBUG - __main__ - =======ddddddddddddd========= 110001 
2018-09-29 05:11:17,031 - DEBUG - __main__ - +++++++++++++++++++++++++++
2018-09-29 05:11:17,031 - DEBUG - __main__ - B01K4F55BE
2018-09-29 05:11:17,031 - DEBUG - __main__ - +++++++++++++++++++++++++++
2018-09-29 05:11:17,031 - DEBUG - __main__ - http://www.amazon.in/dp/
2018-09-29 05:11:17,032 - DEBUG - __main__ - 1
2018-09-29 05:11:17,032 - DEBUG - __main__ - 110001
2018-09-29 05:11:17,032 - DEBUG - __main__ - delhi
2018-09-29 05:11:17,033 - DEBUG - __main__ - cookies/amazon_pincodes/
2018-09-29 05:11:17,033 - DEBUG - __main__ - []
2018-09-29 05:11:17,033 - DEBUG - __main__ - ['110001.pkl', '411001.pkl', '421204.pkl', '560001.pkl', '700001.pkl']
2018-09-29 05:11:17,033 - DEBUG - __main__ - =======ddddddddddddd========= 110001 
2018-09-29 05:11:17,048 - DEBUG - __main__ - +++++++++++++++++++++++++++
2018-09-29 05:11:17,048 - DEBUG - __main__ - B01N0L50QX
2018-09-29 05:11:17,048 - DEBUG - __main__ - +++++++++++++++++++++++++++
2018-09-29 05:11:17,048 - DEBUG - __main__ - http://www.amazon.in/dp/
2018-09-29 05:11:17,049 - DEBUG - __main__ - 1
2018-09-29 05:11:17,049 - DEBUG - __main__ - 110001
2018-09-29 05:11:17,050 - DEBUG - __main__ - delhi
2018-09-29 05:11:17,050 - DEBUG - __main__ - cookies/amazon_pincodes/
2018-09-29 05:11:17,050 - DEBUG - __main__ - []
2018-09-29 05:11:17,050 - DEBUG - __main__ - ['110001.pkl', '411001.pkl', '421204.pkl', '560001.pkl', '700001.pkl']
2018-09-29 05:11:17,050 - DEBUG - __main__ - =======ddddddddddddd========= 110001 
2018-09-29 05:11:17,063 - DEBUG - __main__ - +++++++++++++++++++++++++++
2018-09-29 05:11:17,064 - DEBUG - __main__ - B01K4F4VXC
2018-09-29 05:11:17,064 - DEBUG - __main__ - +++++++++++++++++++++++++++
2018-09-29 05:11:17,065 - DEBUG - __main__ - http://www.amazon.in/dp/
2018-09-29 05:11:17,066 - DEBUG - __main__ - 1
2018-09-29 05:11:17,066 - DEBUG - __main__ - 110001
2018-09-29 05:11:17,066 - DEBUG - __main__ - delhi
2018-09-29 05:11:17,068 - DEBUG - __main__ - cookies/amazon_pincodes/
2018-09-29 05:11:17,068 - DEBUG - __main__ - []
2018-09-29 05:11:17,069 - DEBUG - __main__ - ['110001.pkl', '411001.pkl', '421204.pkl', '560001.pkl', '700001.pkl']
2018-09-29 05:11:17,070 - DEBUG - __main__ - =======ddddddddddddd========= 110001 
2018-09-29 05:11:17,089 - DEBUG - __main__ - +++++++++++++++++++++++++++
2018-09-29 05:11:17,091 - DEBUG - __main__ - B01MQQDL4A
2018-09-29 05:11:17,091 - DEBUG - __main__ - +++++++++++++++++++++++++++
2018-09-29 05:11:17,091 - DEBUG - __main__ - http://www.amazon.in/dp/
2018-09-29 05:11:17,092 - DEBUG - __main__ - 1
2018-09-29 05:11:17,092 - DEBUG - __main__ - 110001
2018-09-29 05:11:17,092 - DEBUG - __main__ - delhi
2018-09-29 05:11:17,093 - DEBUG - __main__ - cookies/amazon_pincodes/
2018-09-29 05:11:17,093 - DEBUG - __main__ - []
2018-09-29 05:11:17,093 - DEBUG - __main__ - ['110001.pkl', '411001.pkl', '421204.pkl', '560001.pkl', '700001.pkl']
2018-09-29 05:11:17,094 - DEBUG - __main__ - =======ddddddddddddd========= 110001 
2018-09-29 05:11:17,112 - DEBUG - __main__ - +++++++++++++++++++++++++++
2018-09-29 05:11:17,112 - DEBUG - __main__ - B01K4F50P0
2018-09-29 05:11:17,113 - DEBUG - __main__ - +++++++++++++++++++++++++++
2018-09-29 05:11:17,113 - DEBUG - __main__ - http://www.amazon.in/dp/
2018-09-29 05:11:17,114 - DEBUG - __main__ - 1
2018-09-29 05:11:17,114 - DEBUG - __main__ - 110001
2018-09-29 05:11:17,115 - DEBUG - __main__ - delhi
2018-09-29 05:11:17,115 - DEBUG - __main__ - cookies/amazon_pincodes/
2018-09-29 05:11:17,116 - DEBUG - __main__ - []
2018-09-29 05:11:17,116 - DEBUG - __main__ - ['110001.pkl', '411001.pkl', '421204.pkl', '560001.pkl', '700001.pkl']
2018-09-29 05:11:17,116 - DEBUG - __main__ - =======ddddddddddddd========= 110001 
2018-09-29 05:11:17,136 - DEBUG - __main__ - bigbasket
2018-09-29 05:11:17,136 - DEBUG - __main__ - 3
2018-09-29 05:11:17,136 - DEBUG - __main__ - 0
2018-09-29 05:11:17,137 - DEBUG - __main__ - grofers
2018-09-29 05:11:17,137 - DEBUG - __main__ - 2
2018-09-29 05:11:17,138 - DEBUG - __main__ - 2
2018-09-29 05:11:17,138 - DEBUG - __main__ - +++++++++++++++++++++++++++
2018-09-29 05:11:17,140 - DEBUG - __main__ - 388639
2018-09-29 05:11:17,140 - DEBUG - __main__ - +++++++++++++++++++++++++++
2018-09-29 05:11:17,141 - DEBUG - __main__ - http://www.grofers.com/prn//prid/
2018-09-29 05:11:17,141 - DEBUG - __main__ - 1
2018-09-29 05:11:17,142 - DEBUG - __main__ - 110001
2018-09-29 05:11:17,142 - DEBUG - __main__ - delhi
2018-09-29 05:11:17,142 - DEBUG - __main__ - cookies/grofers_pincodes/
2018-09-29 05:11:17,143 - DEBUG - __main__ - []
2018-09-29 05:11:17,143 - DEBUG - __main__ - ['400701.pkl']
