2018-10-04 13:18:15,870 - INFO - scraper - Database Connection Established
2018-10-04 13:18:16,011 - INFO - __main__ - Database Connection Established
2018-10-04 13:18:17,208 - INFO - __main__ - Session Started
2018-10-04 13:18:17,521 - INFO - __main__ - Scraping for amazon started.
2018-10-04 13:19:10,108 - INFO - scraper - Cookies Cleared Successfully
2018-10-04 13:19:49,251 - INFO - scraper - Location changed to 3 in Amz
2018-10-04 13:19:50,879 - INFO - scraper - New Chromw cookies Collected
2018-10-04 13:20:11,783 - INFO - scraper - Cookies Cleared Successfully
2018-10-04 13:20:52,849 - INFO - scraper - Location changed to 8 in Amz
2018-10-04 13:20:52,880 - INFO - scraper - New Chromw cookies Collected
2018-10-04 13:21:10,199 - INFO - __main__ - Scraping for bigbasket started.
2018-10-04 13:21:24,938 - INFO - scraper - Cookies Cleared Successfully
2018-10-04 13:22:31,416 - INFO - scraper - Location changed to 7 in Bbs
2018-10-04 13:22:33,715 - INFO - scraper - New Chromw cookies Collected
2018-10-04 13:23:05,880 - INFO - scraper - Data of bigbasket - 10000200  stored  Successfully
2018-10-04 13:23:07,041 - INFO - scraper - Data of bigbasket - 10000200  stored  Successfully
2018-10-04 13:23:07,939 - INFO - scraper - Data of bigbasket - 10000200  stored  Successfully
2018-10-04 13:23:21,555 - INFO - scraper - Cookies Cleared Successfully
2018-10-04 13:24:33,579 - INFO - scraper - Location changed to 12 in Bbs
2018-10-04 13:24:35,870 - INFO - scraper - New Chromw cookies Collected
2018-10-04 13:25:05,857 - INFO - scraper - Data of bigbasket - 10000200  stored  Successfully
2018-10-04 13:25:07,118 - INFO - scraper - Data of bigbasket - 10000200  stored  Successfully
2018-10-04 13:25:08,281 - INFO - scraper - Data of bigbasket - 10000200  stored  Successfully
2018-10-04 13:26:18,369 - WARNING - scraper - Connection time out while collecting data for 3-10000178
2018-10-04 13:27:36,720 - WARNING - scraper - Connection time out while collecting data for 3-10000178
2018-10-04 13:27:46,983 - ERROR - __main__ - Message: unable to set cookie
  (Session info: headless chrome=69.0.3497.100)
  (Driver info: chromedriver=2.42.591088 (7b2b2dca23cca0862f674758c9a3933e685c27d5),platform=Windows NT 6.1.7601 SP1 x86_64)
Traceback (most recent call last):
  File "C:\Users\Vivek Iyer\Desktop\FINAL_PROJECT\semifinal\web-scrapper\scraper\spiders\main_program.py", line 124, in <module>
    p = scraper.BbsSpider.scrape_item_with_variants(base_url, pincode, sku, location_id, store_id, store, area, session_id)
  File "C:\Users\Vivek Iyer\Desktop\FINAL_PROJECT\semifinal\web-scrapper\scraper\spiders\scraper.py", line 528, in scrape_item_with_variants
    driver.add_cookie({'name':cookiename,'value':cookievalue,'path':'/','Secure':'True'})
  File "C:\Anaconda3\lib\site-packages\selenium\webdriver\remote\webdriver.py", line 882, in add_cookie
    self.execute(Command.ADD_COOKIE, {'cookie': cookie_dict})
  File "C:\Anaconda3\lib\site-packages\selenium\webdriver\remote\webdriver.py", line 320, in execute
    self.error_handler.check_response(response)
  File "C:\Anaconda3\lib\site-packages\selenium\webdriver\remote\errorhandler.py", line 242, in check_response
    raise exception_class(message, screen, stacktrace)
selenium.common.exceptions.WebDriverException: Message: unable to set cookie
  (Session info: headless chrome=69.0.3497.100)
  (Driver info: chromedriver=2.42.591088 (7b2b2dca23cca0862f674758c9a3933e685c27d5),platform=Windows NT 6.1.7601 SP1 x86_64)

2018-10-04 13:27:47,104 - ERROR - scraper - Mail not sent
2018-10-04 13:27:47,560 - CRITICAL - scraper - Session Unsucessfull
2018-10-04 13:57:43,967 - INFO - scraper - Database Connection Established
2018-10-04 13:57:43,984 - INFO - __main__ - Database Connection Established
2018-10-04 13:57:44,141 - INFO - __main__ - Session Started
2018-10-04 13:57:44,141 - INFO - __main__ - Scraping for amazon started.
